Started GET "/" for 127.0.0.1 at 2018-03-06 10:22:26 +0800
Processing by Rails::WelcomeController#index as HTML
  Rendering /Users/yumei.shih/.rvm/gems/ruby-2.4.1/gems/railties-5.1.5/lib/rails/templates/rails/welcome/index.html.erb
  Rendered /Users/yumei.shih/.rvm/gems/ruby-2.4.1/gems/railties-5.1.5/lib/rails/templates/rails/welcome/index.html.erb (3.5ms)
Completed 200 OK in 148ms (Views: 8.4ms)


Started GET "/" for 127.0.0.1 at 2018-03-06 10:48:07 +0800
Processing by Rails::WelcomeController#index as HTML
  Rendering /Users/yumei.shih/.rvm/gems/ruby-2.4.1/gems/railties-5.1.5/lib/rails/templates/rails/welcome/index.html.erb
  Rendered /Users/yumei.shih/.rvm/gems/ruby-2.4.1/gems/railties-5.1.5/lib/rails/templates/rails/welcome/index.html.erb (3.1ms)
Completed 200 OK in 9ms (Views: 5.9ms)


Started GET "/welcome" for 127.0.0.1 at 2018-03-06 10:48:13 +0800
Processing by WelcomeController#say as HTML
  Rendering welcome/say.html.erb within layouts/application
  Rendered welcome/say.html.erb within layouts/application (0.4ms)
Completed 200 OK in 546ms (Views: 543.6ms)


Started GET "/welcome" for 127.0.0.1 at 2018-03-06 10:51:12 +0800
Processing by WelcomeController#say as HTML
  Rendering welcome/say.html.erb within layouts/application
  Rendered welcome/say.html.erb within layouts/application (0.7ms)
Completed 200 OK in 32ms (Views: 28.8ms)


Started GET "/welcome" for 127.0.0.1 at 2018-03-06 10:54:26 +0800
Processing by WelcomeController#index as HTML
  Rendering welcome/index.html.erb within layouts/application
  Rendered welcome/index.html.erb within layouts/application (0.6ms)
Completed 200 OK in 17ms (Views: 14.6ms)


Started GET "/welcome/say_hello" for 127.0.0.1 at 2018-03-06 10:54:27 +0800
Processing by WelcomeController#say as HTML
  Rendering welcome/say.html.erb within layouts/application
  Rendered welcome/say.html.erb within layouts/application (0.4ms)
Completed 200 OK in 38ms (Views: 34.3ms)


Started GET "/welcome" for 127.0.0.1 at 2018-03-06 10:55:43 +0800
Processing by WelcomeController#index as HTML
  Rendering welcome/index.html.erb within layouts/application
  Rendered welcome/index.html.erb within layouts/application (0.7ms)
Completed 200 OK in 29ms (Views: 25.9ms)


Started GET "/welcome/say_hello" for 127.0.0.1 at 2018-03-06 10:55:44 +0800
Processing by WelcomeController#say as HTML
  Rendering welcome/say.html.erb within layouts/application
  Rendered welcome/say.html.erb within layouts/application (1.1ms)
Completed 200 OK in 39ms (Views: 35.7ms)


Started GET "/" for 127.0.0.1 at 2018-03-06 10:55:45 +0800
Processing by WelcomeController#index as HTML
  Rendering welcome/index.html.erb within layouts/application
  Rendered welcome/index.html.erb within layouts/application (0.9ms)
Completed 200 OK in 32ms (Views: 30.1ms)


Started GET "/welcome/say_hello" for 127.0.0.1 at 2018-03-06 10:55:46 +0800
Processing by WelcomeController#say as HTML
  Rendering welcome/say.html.erb within layouts/application
  Rendered welcome/say.html.erb within layouts/application (0.7ms)
Completed 200 OK in 35ms (Views: 33.0ms)


Started GET "/" for 127.0.0.1 at 2018-03-06 10:55:47 +0800
Processing by WelcomeController#index as HTML
  Rendering welcome/index.html.erb within layouts/application
  Rendered welcome/index.html.erb within layouts/application (0.9ms)
Completed 200 OK in 39ms (Views: 37.3ms)


  [1m[35m (0.6ms)[0m  [1m[34mSELECT sqlite_version(*)[0m
  [1m[35m (1.5ms)[0m  [1m[35mCREATE TABLE "schema_migrations" ("version" varchar NOT NULL PRIMARY KEY)[0m
  [1m[35m (1.2ms)[0m  [1m[35mCREATE TABLE "ar_internal_metadata" ("key" varchar NOT NULL PRIMARY KEY, "value" varchar, "created_at" datetime NOT NULL, "updated_at" datetime NOT NULL)[0m
  [1m[35m (0.2ms)[0m  [1m[34mSELECT "schema_migrations"."version" FROM "schema_migrations" ORDER BY "schema_migrations"."version" ASC[0m
Migrating to CreateEvents (20180306032856)
  [1m[35m (0.1ms)[0m  [1m[36mbegin transaction[0m
  [1m[35m (0.5ms)[0m  [1m[35mCREATE TABLE "events" ("id" INTEGER PRIMARY KEY AUTOINCREMENT NOT NULL, "name" varchar, "description" text, "is_public" boolean, "capacity" integer, "created_at" datetime NOT NULL, "updated_at" datetime NOT NULL)[0m
  [1m[35mSQL (0.2ms)[0m  [1m[32mINSERT INTO "schema_migrations" ("version") VALUES (?)[0m  [["version", "20180306032856"]]
  [1m[35m (0.8ms)[0m  [1m[36mcommit transaction[0m
  [1m[36mActiveRecord::InternalMetadata Load (0.1ms)[0m  [1m[34mSELECT  "ar_internal_metadata".* FROM "ar_internal_metadata" WHERE "ar_internal_metadata"."key" = ? LIMIT ?[0m  [["key", "environment"], ["LIMIT", 1]]
  [1m[35m (0.1ms)[0m  [1m[36mbegin transaction[0m
  [1m[35mSQL (0.4ms)[0m  [1m[32mINSERT INTO "ar_internal_metadata" ("key", "value", "created_at", "updated_at") VALUES (?, ?, ?, ?)[0m  [["key", "environment"], ["value", "development"], ["created_at", "2018-03-06 03:29:32.703103"], ["updated_at", "2018-03-06 03:29:32.703103"]]
  [1m[35m (0.9ms)[0m  [1m[36mcommit transaction[0m
  [1m[35m (0.1ms)[0m  [1m[34mSELECT "schema_migrations"."version" FROM "schema_migrations" ORDER BY "schema_migrations"."version" ASC[0m
  [1m[35m (0.1ms)[0m  [1m[34mSELECT "schema_migrations"."version" FROM "schema_migrations" ORDER BY "schema_migrations"."version" ASC[0m
Migrating to AddStatusToEvents (20180306033932)
  [1m[35m (0.1ms)[0m  [1m[36mbegin transaction[0m
  [1m[35m (1.2ms)[0m  [1m[35mALTER TABLE "events" ADD "status" varchar[0m
  [1m[35mSQL (0.2ms)[0m  [1m[32mINSERT INTO "schema_migrations" ("version") VALUES (?)[0m  [["version", "20180306033932"]]
  [1m[35m (1.7ms)[0m  [1m[36mcommit transaction[0m
  [1m[36mActiveRecord::InternalMetadata Load (0.2ms)[0m  [1m[34mSELECT  "ar_internal_metadata".* FROM "ar_internal_metadata" WHERE "ar_internal_metadata"."key" = ? LIMIT ?[0m  [["key", "environment"], ["LIMIT", 1]]
  [1m[35m (0.1ms)[0m  [1m[36mbegin transaction[0m
  [1m[35m (0.0ms)[0m  [1m[36mcommit transaction[0m
  [1m[35m (0.1ms)[0m  [1m[34mSELECT "schema_migrations"."version" FROM "schema_migrations" ORDER BY "schema_migrations"."version" ASC[0m
  [1m[35m (0.1ms)[0m  [1m[36mbegin transaction[0m
  [1m[35mSQL (0.5ms)[0m  [1m[32mINSERT INTO "events" ("name", "created_at", "updated_at") VALUES (?, ?, ?)[0m  [["name", "Ruby"], ["created_at", "2018-03-06 03:44:00.447097"], ["updated_at", "2018-03-06 03:44:00.447097"]]
  [1m[35m (1.8ms)[0m  [1m[36mcommit transaction[0m
  [1m[35m (0.9ms)[0m  [1m[36mbegin transaction[0m
  [1m[35m (0.1ms)[0m  [1m[31mrollback transaction[0m
DEPRECATION WARNING: Using a dynamic :controller segment in a route is deprecated and will be removed in Rails 5.2. (called from block in <top (required)> at /Users/yumei.shih/Desktop/Practice/RoR/HelloWorld/config/routes.rb:7)
DEPRECATION WARNING: Using a dynamic :action segment in a route is deprecated and will be removed in Rails 5.2. (called from block in <top (required)> at /Users/yumei.shih/Desktop/Practice/RoR/HelloWorld/config/routes.rb:7)
DEPRECATION WARNING: Using a dynamic :controller segment in a route is deprecated and will be removed in Rails 5.2. (called from block in <top (required)> at /Users/yumei.shih/Desktop/Practice/RoR/HelloWorld/config/routes.rb:7)
DEPRECATION WARNING: Using a dynamic :action segment in a route is deprecated and will be removed in Rails 5.2. (called from block in <top (required)> at /Users/yumei.shih/Desktop/Practice/RoR/HelloWorld/config/routes.rb:7)
DEPRECATION WARNING: Using a dynamic :controller segment in a route is deprecated and will be removed in Rails 5.2. (called from block in <top (required)> at /Users/yumei.shih/Desktop/Practice/RoR/HelloWorld/config/routes.rb:7)
DEPRECATION WARNING: Using a dynamic :action segment in a route is deprecated and will be removed in Rails 5.2. (called from block in <top (required)> at /Users/yumei.shih/Desktop/Practice/RoR/HelloWorld/config/routes.rb:7)
Started GET "/" for 127.0.0.1 at 2018-03-06 12:05:20 +0800
  [1m[35m (0.2ms)[0m  [1m[34mSELECT "schema_migrations"."version" FROM "schema_migrations" ORDER BY "schema_migrations"."version" ASC[0m
Processing by WelcomeController#index as HTML
  Rendering welcome/index.html.erb within layouts/application
  Rendered welcome/index.html.erb within layouts/application (2.1ms)
Completed 200 OK in 212ms (Views: 202.7ms | ActiveRecord: 0.0ms)


Started GET "/events" for 127.0.0.1 at 2018-03-06 12:07:26 +0800
DEPRECATION WARNING: Using a dynamic :controller segment in a route is deprecated and will be removed in Rails 5.2. (called from block in <top (required)> at /Users/yumei.shih/Desktop/Practice/RoR/HelloWorld/config/routes.rb:7)
DEPRECATION WARNING: Using a dynamic :action segment in a route is deprecated and will be removed in Rails 5.2. (called from block in <top (required)> at /Users/yumei.shih/Desktop/Practice/RoR/HelloWorld/config/routes.rb:7)
Processing by EventsController#index as HTML
  Rendering events/index.html.erb within layouts/application
  Rendered events/index.html.erb within layouts/application (7.2ms)
Completed 500 Internal Server Error in 21ms


  
ActionView::Template::Error (undefined method `each' for nil:NilClass):
    1: <ul>
    2: <% @events.each do |event| %>
    3:   <li>
    4:  	  <%= event.name %>
    5:   <%= link_to 'Show', :controller => 'events', :action => 'show', :id => event %>
  
app/views/events/index.html.erb:2:in `_app_views_events_index_html_erb___3697325383507723167_70298454570940'
Started GET "/events" for 127.0.0.1 at 2018-03-06 12:08:11 +0800
Processing by EventsController#index as HTML
  Rendering events/index.html.erb within layouts/application
  Rendered events/index.html.erb within layouts/application (1.0ms)
Completed 500 Internal Server Error in 7ms


  
SyntaxError (/Users/yumei.shih/Desktop/Practice/RoR/HelloWorld/app/views/events/index.html.erb:8: syntax error, unexpected keyword_end
ze;@output_buffer.append=( end );@output_buffer.safe_append=
                              ^
/Users/yumei.shih/Desktop/Practice/RoR/HelloWorld/app/views/events/index.html.erb:13: syntax error, unexpected keyword_ensure, expecting ')'
          ensure
                ^
/Users/yumei.shih/Desktop/Practice/RoR/HelloWorld/app/views/events/index.html.erb:15: syntax error, unexpected keyword_end, expecting ')'
          end
             ^):
  
app/views/events/index.html.erb:8: syntax error, unexpected keyword_end
app/views/events/index.html.erb:13: syntax error, unexpected keyword_ensure, expecting ')'
app/views/events/index.html.erb:15: syntax error, unexpected keyword_end, expecting ')'
DEPRECATION WARNING: Using a dynamic :controller segment in a route is deprecated and will be removed in Rails 5.2. (called from block in <top (required)> at /Users/yumei.shih/Desktop/Practice/RoR/HelloWorld/config/routes.rb:7)
DEPRECATION WARNING: Using a dynamic :action segment in a route is deprecated and will be removed in Rails 5.2. (called from block in <top (required)> at /Users/yumei.shih/Desktop/Practice/RoR/HelloWorld/config/routes.rb:7)
Started GET "/" for 127.0.0.1 at 2018-03-06 17:58:51 +0800
  [1m[35m (0.4ms)[0m  [1m[34mSELECT "schema_migrations"."version" FROM "schema_migrations" ORDER BY "schema_migrations"."version" ASC[0m
Processing by WelcomeController#index as HTML
  Rendering welcome/index.html.erb within layouts/application
  Rendered welcome/index.html.erb within layouts/application (1.8ms)
Completed 200 OK in 297ms (Views: 289.1ms | ActiveRecord: 0.0ms)


Started GET "/welcome/say_hello" for 127.0.0.1 at 2018-03-06 17:58:55 +0800
Processing by WelcomeController#say as HTML
  Rendering welcome/say.html.erb within layouts/application
  Rendered welcome/say.html.erb within layouts/application (0.8ms)
Completed 200 OK in 46ms (Views: 41.1ms | ActiveRecord: 0.0ms)


Started GET "/" for 127.0.0.1 at 2018-03-06 17:58:57 +0800
Processing by WelcomeController#index as HTML
  Rendering welcome/index.html.erb within layouts/application
  Rendered welcome/index.html.erb within layouts/application (0.9ms)
Completed 200 OK in 44ms (Views: 39.0ms | ActiveRecord: 0.0ms)


Started GET "/event" for 127.0.0.1 at 2018-03-06 17:59:13 +0800
  
ActionController::RoutingError (No route matches [GET] "/event"):
  
actionpack (5.1.5) lib/action_dispatch/middleware/debug_exceptions.rb:63:in `call'
web-console (3.5.1) lib/web_console/middleware.rb:135:in `call_app'
web-console (3.5.1) lib/web_console/middleware.rb:28:in `block in call'
web-console (3.5.1) lib/web_console/middleware.rb:18:in `catch'
web-console (3.5.1) lib/web_console/middleware.rb:18:in `call'
actionpack (5.1.5) lib/action_dispatch/middleware/show_exceptions.rb:31:in `call'
railties (5.1.5) lib/rails/rack/logger.rb:36:in `call_app'
railties (5.1.5) lib/rails/rack/logger.rb:24:in `block in call'
activesupport (5.1.5) lib/active_support/tagged_logging.rb:69:in `block in tagged'
activesupport (5.1.5) lib/active_support/tagged_logging.rb:26:in `tagged'
activesupport (5.1.5) lib/active_support/tagged_logging.rb:69:in `tagged'
railties (5.1.5) lib/rails/rack/logger.rb:24:in `call'
sprockets-rails (3.2.1) lib/sprockets/rails/quiet_assets.rb:13:in `call'
actionpack (5.1.5) lib/action_dispatch/middleware/remote_ip.rb:79:in `call'
actionpack (5.1.5) lib/action_dispatch/middleware/request_id.rb:25:in `call'
rack (2.0.4) lib/rack/method_override.rb:22:in `call'
rack (2.0.4) lib/rack/runtime.rb:22:in `call'
activesupport (5.1.5) lib/active_support/cache/strategy/local_cache_middleware.rb:27:in `call'
actionpack (5.1.5) lib/action_dispatch/middleware/executor.rb:12:in `call'
actionpack (5.1.5) lib/action_dispatch/middleware/static.rb:125:in `call'
rack (2.0.4) lib/rack/sendfile.rb:111:in `call'
railties (5.1.5) lib/rails/engine.rb:522:in `call'
puma (3.11.2) lib/puma/configuration.rb:225:in `call'
puma (3.11.2) lib/puma/server.rb:624:in `handle_request'
puma (3.11.2) lib/puma/server.rb:438:in `process_client'
puma (3.11.2) lib/puma/server.rb:302:in `block in run'
puma (3.11.2) lib/puma/thread_pool.rb:120:in `block in spawn_thread'
DEPRECATION WARNING: Using a dynamic :controller segment in a route is deprecated and will be removed in Rails 5.2. (called from block in <top (required)> at /Users/yumei.shih/Desktop/Practice/RoR/HelloWorld/config/routes.rb:6)
DEPRECATION WARNING: Using a dynamic :action segment in a route is deprecated and will be removed in Rails 5.2. (called from block in <top (required)> at /Users/yumei.shih/Desktop/Practice/RoR/HelloWorld/config/routes.rb:6)
Started GET "/event" for 127.0.0.1 at 2018-03-06 18:01:58 +0800
DEPRECATION WARNING: Using a dynamic :controller segment in a route is deprecated and will be removed in Rails 5.2. (called from block in <top (required)> at /Users/yumei.shih/Desktop/Practice/RoR/HelloWorld/config/routes.rb:6)
DEPRECATION WARNING: Using a dynamic :action segment in a route is deprecated and will be removed in Rails 5.2. (called from block in <top (required)> at /Users/yumei.shih/Desktop/Practice/RoR/HelloWorld/config/routes.rb:6)
  
ActionController::RoutingError (No route matches [GET] "/event"):
  
actionpack (5.1.5) lib/action_dispatch/middleware/debug_exceptions.rb:63:in `call'
web-console (3.5.1) lib/web_console/middleware.rb:135:in `call_app'
web-console (3.5.1) lib/web_console/middleware.rb:28:in `block in call'
web-console (3.5.1) lib/web_console/middleware.rb:18:in `catch'
web-console (3.5.1) lib/web_console/middleware.rb:18:in `call'
actionpack (5.1.5) lib/action_dispatch/middleware/show_exceptions.rb:31:in `call'
railties (5.1.5) lib/rails/rack/logger.rb:36:in `call_app'
railties (5.1.5) lib/rails/rack/logger.rb:24:in `block in call'
activesupport (5.1.5) lib/active_support/tagged_logging.rb:69:in `block in tagged'
activesupport (5.1.5) lib/active_support/tagged_logging.rb:26:in `tagged'
activesupport (5.1.5) lib/active_support/tagged_logging.rb:69:in `tagged'
railties (5.1.5) lib/rails/rack/logger.rb:24:in `call'
sprockets-rails (3.2.1) lib/sprockets/rails/quiet_assets.rb:13:in `call'
actionpack (5.1.5) lib/action_dispatch/middleware/remote_ip.rb:79:in `call'
actionpack (5.1.5) lib/action_dispatch/middleware/request_id.rb:25:in `call'
rack (2.0.4) lib/rack/method_override.rb:22:in `call'
rack (2.0.4) lib/rack/runtime.rb:22:in `call'
activesupport (5.1.5) lib/active_support/cache/strategy/local_cache_middleware.rb:27:in `call'
actionpack (5.1.5) lib/action_dispatch/middleware/executor.rb:12:in `call'
actionpack (5.1.5) lib/action_dispatch/middleware/static.rb:125:in `call'
rack (2.0.4) lib/rack/sendfile.rb:111:in `call'
railties (5.1.5) lib/rails/engine.rb:522:in `call'
puma (3.11.2) lib/puma/configuration.rb:225:in `call'
puma (3.11.2) lib/puma/server.rb:624:in `handle_request'
puma (3.11.2) lib/puma/server.rb:438:in `process_client'
puma (3.11.2) lib/puma/server.rb:302:in `block in run'
puma (3.11.2) lib/puma/thread_pool.rb:120:in `block in spawn_thread'
DEPRECATION WARNING: Using a dynamic :controller segment in a route is deprecated and will be removed in Rails 5.2. (called from block in <top (required)> at /Users/yumei.shih/Desktop/Practice/RoR/HelloWorld/config/routes.rb:6)
DEPRECATION WARNING: Using a dynamic :action segment in a route is deprecated and will be removed in Rails 5.2. (called from block in <top (required)> at /Users/yumei.shih/Desktop/Practice/RoR/HelloWorld/config/routes.rb:6)
Started GET "/event" for 127.0.0.1 at 2018-03-06 18:02:49 +0800
DEPRECATION WARNING: Using a dynamic :controller segment in a route is deprecated and will be removed in Rails 5.2. (called from block in <top (required)> at /Users/yumei.shih/Desktop/Practice/RoR/HelloWorld/config/routes.rb:6)
DEPRECATION WARNING: Using a dynamic :action segment in a route is deprecated and will be removed in Rails 5.2. (called from block in <top (required)> at /Users/yumei.shih/Desktop/Practice/RoR/HelloWorld/config/routes.rb:6)
  
ActionController::RoutingError (No route matches [GET] "/event"):
  
actionpack (5.1.5) lib/action_dispatch/middleware/debug_exceptions.rb:63:in `call'
web-console (3.5.1) lib/web_console/middleware.rb:135:in `call_app'
web-console (3.5.1) lib/web_console/middleware.rb:28:in `block in call'
web-console (3.5.1) lib/web_console/middleware.rb:18:in `catch'
web-console (3.5.1) lib/web_console/middleware.rb:18:in `call'
actionpack (5.1.5) lib/action_dispatch/middleware/show_exceptions.rb:31:in `call'
railties (5.1.5) lib/rails/rack/logger.rb:36:in `call_app'
railties (5.1.5) lib/rails/rack/logger.rb:24:in `block in call'
activesupport (5.1.5) lib/active_support/tagged_logging.rb:69:in `block in tagged'
activesupport (5.1.5) lib/active_support/tagged_logging.rb:26:in `tagged'
activesupport (5.1.5) lib/active_support/tagged_logging.rb:69:in `tagged'
railties (5.1.5) lib/rails/rack/logger.rb:24:in `call'
sprockets-rails (3.2.1) lib/sprockets/rails/quiet_assets.rb:13:in `call'
actionpack (5.1.5) lib/action_dispatch/middleware/remote_ip.rb:79:in `call'
actionpack (5.1.5) lib/action_dispatch/middleware/request_id.rb:25:in `call'
rack (2.0.4) lib/rack/method_override.rb:22:in `call'
rack (2.0.4) lib/rack/runtime.rb:22:in `call'
activesupport (5.1.5) lib/active_support/cache/strategy/local_cache_middleware.rb:27:in `call'
actionpack (5.1.5) lib/action_dispatch/middleware/executor.rb:12:in `call'
actionpack (5.1.5) lib/action_dispatch/middleware/static.rb:125:in `call'
rack (2.0.4) lib/rack/sendfile.rb:111:in `call'
railties (5.1.5) lib/rails/engine.rb:522:in `call'
puma (3.11.2) lib/puma/configuration.rb:225:in `call'
puma (3.11.2) lib/puma/server.rb:624:in `handle_request'
puma (3.11.2) lib/puma/server.rb:438:in `process_client'
puma (3.11.2) lib/puma/server.rb:302:in `block in run'
puma (3.11.2) lib/puma/thread_pool.rb:120:in `block in spawn_thread'
Started GET "/" for 127.0.0.1 at 2018-03-06 18:02:54 +0800
Processing by Rails::WelcomeController#index as HTML
  Rendering /Users/yumei.shih/.rvm/gems/ruby-2.4.1/gems/railties-5.1.5/lib/rails/templates/rails/welcome/index.html.erb
  Rendered /Users/yumei.shih/.rvm/gems/ruby-2.4.1/gems/railties-5.1.5/lib/rails/templates/rails/welcome/index.html.erb (2.7ms)
Completed 200 OK in 10ms (Views: 5.8ms)


DEPRECATION WARNING: Using a dynamic :controller segment in a route is deprecated and will be removed in Rails 5.2. (called from block in <top (required)> at /Users/yumei.shih/Desktop/Practice/RoR/HelloWorld/config/routes.rb:6)
DEPRECATION WARNING: Using a dynamic :action segment in a route is deprecated and will be removed in Rails 5.2. (called from block in <top (required)> at /Users/yumei.shih/Desktop/Practice/RoR/HelloWorld/config/routes.rb:6)
Started GET "/" for 127.0.0.1 at 2018-03-06 18:03:09 +0800
DEPRECATION WARNING: Using a dynamic :controller segment in a route is deprecated and will be removed in Rails 5.2. (called from block in <top (required)> at /Users/yumei.shih/Desktop/Practice/RoR/HelloWorld/config/routes.rb:6)
DEPRECATION WARNING: Using a dynamic :action segment in a route is deprecated and will be removed in Rails 5.2. (called from block in <top (required)> at /Users/yumei.shih/Desktop/Practice/RoR/HelloWorld/config/routes.rb:6)
Processing by WelcomeController#index as HTML
  Rendering welcome/index.html.erb within layouts/application
  Rendered welcome/index.html.erb within layouts/application (218.1ms)
Completed 500 Internal Server Error in 226ms


  
ActionView::Template::Error (undefined local variable or method `welcome_say_hello_path' for #<#<Class:0x007fb7baaf6d00>:0x007fb7baaf50e0>):
    1: <div class='main'>
    2:   <div class="container">
    3:     <p>Hola! It is <%= Time.now %> </p>
    4:     <p> <%= link_to 'Hello!', welcome_say_hello_path %></p>
    5:   </div>
    6: </div>
  
app/views/welcome/index.html.erb:4:in `_app_views_welcome_index_html_erb__4339964298315511481_70213543901900'
DEPRECATION WARNING: Using a dynamic :controller segment in a route is deprecated and will be removed in Rails 5.2. (called from block in <top (required)> at /Users/yumei.shih/Desktop/Practice/RoR/HelloWorld/config/routes.rb:6)
DEPRECATION WARNING: Using a dynamic :action segment in a route is deprecated and will be removed in Rails 5.2. (called from block in <top (required)> at /Users/yumei.shih/Desktop/Practice/RoR/HelloWorld/config/routes.rb:6)
DEPRECATION WARNING: Using a dynamic :controller segment in a route is deprecated and will be removed in Rails 5.2. (called from block in <top (required)> at /Users/yumei.shih/Desktop/Practice/RoR/HelloWorld/config/routes.rb:6)
DEPRECATION WARNING: Using a dynamic :action segment in a route is deprecated and will be removed in Rails 5.2. (called from block in <top (required)> at /Users/yumei.shih/Desktop/Practice/RoR/HelloWorld/config/routes.rb:6)
Started GET "/" for 127.0.0.1 at 2018-03-06 18:03:55 +0800
DEPRECATION WARNING: Using a dynamic :controller segment in a route is deprecated and will be removed in Rails 5.2. (called from block in <top (required)> at /Users/yumei.shih/Desktop/Practice/RoR/HelloWorld/config/routes.rb:6)
DEPRECATION WARNING: Using a dynamic :action segment in a route is deprecated and will be removed in Rails 5.2. (called from block in <top (required)> at /Users/yumei.shih/Desktop/Practice/RoR/HelloWorld/config/routes.rb:6)
Processing by WelcomeController#index as HTML
  Rendering welcome/index.html.erb within layouts/application
  Rendered welcome/index.html.erb within layouts/application (0.7ms)
Completed 200 OK in 22ms (Views: 20.7ms)


Started GET "/events" for 127.0.0.1 at 2018-03-06 18:06:09 +0800
Processing by EventsController#index as HTML
  Rendering events/index.html.erb within layouts/application
  Rendered events/index.html.erb within layouts/application (1.0ms)
Completed 500 Internal Server Error in 9ms


  
SyntaxError (/Users/yumei.shih/Desktop/Practice/RoR/HelloWorld/app/views/events/index.html.erb:11: syntax error, unexpected keyword_end
ze;@output_buffer.append=( end );@output_buffer.safe_append=
                              ^
/Users/yumei.shih/Desktop/Practice/RoR/HelloWorld/app/views/events/index.html.erb:17: syntax error, unexpected keyword_ensure, expecting ')'
          ensure
                ^
/Users/yumei.shih/Desktop/Practice/RoR/HelloWorld/app/views/events/index.html.erb:19: syntax error, unexpected keyword_end, expecting ')'
          end
             ^):
  
app/views/events/index.html.erb:11: syntax error, unexpected keyword_end
app/views/events/index.html.erb:17: syntax error, unexpected keyword_ensure, expecting ')'
app/views/events/index.html.erb:19: syntax error, unexpected keyword_end, expecting ')'
Started GET "/events" for 127.0.0.1 at 2018-03-06 18:07:44 +0800
Processing by EventsController#index as HTML
  Rendering events/index.html.erb within layouts/application
  Rendered events/index.html.erb within layouts/application (0.7ms)
Completed 500 Internal Server Error in 6ms


  
SyntaxError (/Users/yumei.shih/Desktop/Practice/RoR/HelloWorld/app/views/events/index.html.erb:8: syntax error, unexpected keyword_end
ze;@output_buffer.append=( end );@output_buffer.safe_append=
                              ^
/Users/yumei.shih/Desktop/Practice/RoR/HelloWorld/app/views/events/index.html.erb:14: syntax error, unexpected keyword_ensure, expecting ')'
          ensure
                ^
/Users/yumei.shih/Desktop/Practice/RoR/HelloWorld/app/views/events/index.html.erb:16: syntax error, unexpected keyword_end, expecting ')'
          end
             ^):
  
app/views/events/index.html.erb:8: syntax error, unexpected keyword_end
app/views/events/index.html.erb:14: syntax error, unexpected keyword_ensure, expecting ')'
app/views/events/index.html.erb:16: syntax error, unexpected keyword_end, expecting ')'
Started GET "/events" for 127.0.0.1 at 2018-03-06 18:11:59 +0800
Processing by EventsController#index as HTML
  Rendering events/index.html.erb within layouts/application
  Rendered events/index.html.erb within layouts/application (0.8ms)
Completed 500 Internal Server Error in 7ms


  
SyntaxError (/Users/yumei.shih/Desktop/Practice/RoR/HelloWorld/app/views/events/index.html.erb:8: syntax error, unexpected keyword_end
ze;@output_buffer.append=( end );@output_buffer.safe_append=
                              ^
/Users/yumei.shih/Desktop/Practice/RoR/HelloWorld/app/views/events/index.html.erb:14: syntax error, unexpected keyword_ensure, expecting ')'
          ensure
                ^
/Users/yumei.shih/Desktop/Practice/RoR/HelloWorld/app/views/events/index.html.erb:16: syntax error, unexpected keyword_end, expecting ')'
          end
             ^):
  
app/views/events/index.html.erb:8: syntax error, unexpected keyword_end
app/views/events/index.html.erb:14: syntax error, unexpected keyword_ensure, expecting ')'
app/views/events/index.html.erb:16: syntax error, unexpected keyword_end, expecting ')'
Started GET "/events" for 127.0.0.1 at 2018-03-06 18:12:14 +0800
Processing by EventsController#index as HTML
  Rendering events/index.html.erb within layouts/application
  Rendered events/index.html.erb within layouts/application (0.9ms)
Completed 500 Internal Server Error in 7ms


  
SyntaxError (/Users/yumei.shih/Desktop/Practice/RoR/HelloWorld/app/views/events/index.html.erb:8: syntax error, unexpected keyword_end
ze;@output_buffer.append=( end );@output_buffer.safe_append=
                              ^
/Users/yumei.shih/Desktop/Practice/RoR/HelloWorld/app/views/events/index.html.erb:13: syntax error, unexpected keyword_ensure, expecting ')'
          ensure
                ^
/Users/yumei.shih/Desktop/Practice/RoR/HelloWorld/app/views/events/index.html.erb:15: syntax error, unexpected keyword_end, expecting ')'
          end
             ^):
  
app/views/events/index.html.erb:8: syntax error, unexpected keyword_end
app/views/events/index.html.erb:13: syntax error, unexpected keyword_ensure, expecting ')'
app/views/events/index.html.erb:15: syntax error, unexpected keyword_end, expecting ')'
Started GET "/events" for 127.0.0.1 at 2018-03-06 18:12:42 +0800
Processing by EventsController#index as HTML
  Rendering events/index.html.erb within layouts/application
  Rendered events/index.html.erb within layouts/application (1.5ms)
Completed 500 Internal Server Error in 10ms


  
SyntaxError (/Users/yumei.shih/Desktop/Practice/RoR/HelloWorld/app/views/events/index.html.erb:12: syntax error, unexpected keyword_ensure, expecting keyword_end
          ensure
                ^):
  
app/views/events/index.html.erb:12: syntax error, unexpected keyword_ensure, expecting keyword_end
Started GET "/events" for 127.0.0.1 at 2018-03-06 18:13:16 +0800
Processing by EventsController#index as HTML
  Rendering events/index.html.erb within layouts/application
  Rendered events/index.html.erb within layouts/application (0.9ms)
Completed 500 Internal Server Error in 8ms


  
SyntaxError (/Users/yumei.shih/Desktop/Practice/RoR/HelloWorld/app/views/events/index.html.erb:11: syntax error, unexpected keyword_ensure, expecting keyword_end
          ensure
                ^):
  
app/views/events/index.html.erb:11: syntax error, unexpected keyword_ensure, expecting keyword_end
Started PUT "/__web_console/repl_sessions/847e5f4b739dc82b16aeadfbfd54b53b" for 127.0.0.1 at 2018-03-06 18:13:37 +0800
Started PUT "/__web_console/repl_sessions/847e5f4b739dc82b16aeadfbfd54b53b" for 127.0.0.1 at 2018-03-06 18:13:38 +0800
Started PUT "/__web_console/repl_sessions/847e5f4b739dc82b16aeadfbfd54b53b" for 127.0.0.1 at 2018-03-06 18:13:43 +0800
Started PUT "/__web_console/repl_sessions/847e5f4b739dc82b16aeadfbfd54b53b" for 127.0.0.1 at 2018-03-06 18:13:49 +0800
Started GET "/events" for 127.0.0.1 at 2018-03-06 18:18:13 +0800
DEPRECATION WARNING: Using a dynamic :controller segment in a route is deprecated and will be removed in Rails 5.2. (called from block in <top (required)> at /Users/yumei.shih/Desktop/Practice/RoR/HelloWorld/config/routes.rb:6)
DEPRECATION WARNING: Using a dynamic :action segment in a route is deprecated and will be removed in Rails 5.2. (called from block in <top (required)> at /Users/yumei.shih/Desktop/Practice/RoR/HelloWorld/config/routes.rb:6)
Processing by EventsController#index as HTML
  Rendering events/index.html.erb within layouts/application
  Rendered events/index.html.erb within layouts/application (0.4ms)
Completed 200 OK in 17ms (Views: 15.3ms)


Started GET "/events" for 127.0.0.1 at 2018-03-07 09:49:53 +0800
DEPRECATION WARNING: Using a dynamic :controller segment in a route is deprecated and will be removed in Rails 5.2. (called from block in <top (required)> at /Users/yumei.shih/Desktop/Practice/RoR/HelloWorld/config/routes.rb:6)
DEPRECATION WARNING: Using a dynamic :action segment in a route is deprecated and will be removed in Rails 5.2. (called from block in <top (required)> at /Users/yumei.shih/Desktop/Practice/RoR/HelloWorld/config/routes.rb:6)
Processing by EventsController#index as HTML
  Rendering events/index.html.erb within layouts/application
  [1m[36mEvent Load (0.3ms)[0m  [1m[34mSELECT "events".* FROM "events"[0m
  Rendered events/index.html.erb within layouts/application (13.8ms)
Completed 200 OK in 40ms (Views: 35.8ms | ActiveRecord: 1.6ms)


Started GET "/events" for 127.0.0.1 at 2018-03-07 09:57:33 +0800
DEPRECATION WARNING: Using a dynamic :controller segment in a route is deprecated and will be removed in Rails 5.2. (called from block in <top (required)> at /Users/yumei.shih/Desktop/Practice/RoR/HelloWorld/config/routes.rb:6)
DEPRECATION WARNING: Using a dynamic :action segment in a route is deprecated and will be removed in Rails 5.2. (called from block in <top (required)> at /Users/yumei.shih/Desktop/Practice/RoR/HelloWorld/config/routes.rb:6)
Processing by EventsController#index as HTML
  Rendering events/index.html.erb within layouts/application
  [1m[36mEvent Load (0.1ms)[0m  [1m[34mSELECT "events".* FROM "events"[0m
  Rendered events/index.html.erb within layouts/application (8.9ms)
Completed 200 OK in 30ms (Views: 25.7ms | ActiveRecord: 0.9ms)


Started GET "/events/new" for 127.0.0.1 at 2018-03-07 09:57:41 +0800
Processing by EventsController#new as HTML
  Rendering events/new.html.erb within layouts/application
  Rendered events/new.html.erb within layouts/application (6.6ms)
Completed 200 OK in 44ms (Views: 40.2ms | ActiveRecord: 0.0ms)


Started POST "/events/create" for 127.0.0.1 at 2018-03-07 09:57:46 +0800
Processing by EventsController#create as HTML
  Parameters: {"utf8"=>"✓", "authenticity_token"=>"kFpsUavwVBD9O07+zKQhLegkmDxtN7f7/Xb3w//bU6oqKtV4ZfZXdRHOdmpSINDKxeRBXE5W4ZWPxkf0pdCS7A==", "event"=>{"name"=>"ddd", "description"=>"ffff"}, "commit"=>"Create"}
Completed 500 Internal Server Error in 137ms (ActiveRecord: 0.0ms)


  
NameError (undefined local variable or method `event' for #<EventsController:0x007fb7bbb84eb0>):
  
app/controllers/events_controller.rb:11:in `create'
Started GET "/events" for 127.0.0.1 at 2018-03-07 09:58:16 +0800
DEPRECATION WARNING: Using a dynamic :controller segment in a route is deprecated and will be removed in Rails 5.2. (called from block in <top (required)> at /Users/yumei.shih/Desktop/Practice/RoR/HelloWorld/config/routes.rb:6)
DEPRECATION WARNING: Using a dynamic :action segment in a route is deprecated and will be removed in Rails 5.2. (called from block in <top (required)> at /Users/yumei.shih/Desktop/Practice/RoR/HelloWorld/config/routes.rb:6)
Processing by EventsController#index as HTML
  Rendering events/index.html.erb within layouts/application
  [1m[36mEvent Load (0.1ms)[0m  [1m[34mSELECT "events".* FROM "events"[0m
  Rendered events/index.html.erb within layouts/application (12.9ms)
Completed 200 OK in 40ms (Views: 36.2ms | ActiveRecord: 1.1ms)


Started GET "/events/new" for 127.0.0.1 at 2018-03-07 09:58:18 +0800
Processing by EventsController#new as HTML
  Rendering events/new.html.erb within layouts/application
  Rendered events/new.html.erb within layouts/application (4.8ms)
Completed 200 OK in 45ms (Views: 41.7ms | ActiveRecord: 0.0ms)


Started POST "/events/create" for 127.0.0.1 at 2018-03-07 09:58:22 +0800
Processing by EventsController#create as HTML
  Parameters: {"utf8"=>"✓", "authenticity_token"=>"UMsozBKOqSTWjrUjCSD4Gxd0WE+IVVTQLQUTgwbI7w7qu5Hl3IiqQTp7jbeXpAn8OrSBL6s0Ar5ftaO0XMMuSA==", "event"=>{"name"=>"ddd", "description"=>"eeee"}, "commit"=>"Create"}
  [1m[35m (0.2ms)[0m  [1m[36mbegin transaction[0m
  [1m[35mSQL (0.9ms)[0m  [1m[32mINSERT INTO "events" ("name", "description", "created_at", "updated_at") VALUES (?, ?, ?, ?)[0m  [["name", "ddd"], ["description", "eeee"], ["created_at", "2018-03-07 01:58:22.666612"], ["updated_at", "2018-03-07 01:58:22.666612"]]
  [1m[35m (0.8ms)[0m  [1m[36mcommit transaction[0m
Redirected to http://localhost:3000/events
Completed 302 Found in 8ms (ActiveRecord: 1.8ms)


Started GET "/events" for 127.0.0.1 at 2018-03-07 09:58:22 +0800
Processing by EventsController#index as HTML
  Rendering events/index.html.erb within layouts/application
  [1m[36mEvent Load (0.2ms)[0m  [1m[34mSELECT "events".* FROM "events"[0m
  Rendered events/index.html.erb within layouts/application (1.9ms)
Completed 200 OK in 19ms (Views: 16.5ms | ActiveRecord: 0.2ms)


Started GET "/events/new" for 127.0.0.1 at 2018-03-07 09:58:25 +0800
Processing by EventsController#new as HTML
  Rendering events/new.html.erb within layouts/application
  Rendered events/new.html.erb within layouts/application (1.8ms)
Completed 200 OK in 41ms (Views: 37.4ms | ActiveRecord: 0.0ms)


Started POST "/events/create" for 127.0.0.1 at 2018-03-07 09:58:34 +0800
Processing by EventsController#create as HTML
  Parameters: {"utf8"=>"✓", "authenticity_token"=>"ZbcsyFz/GI8G2aZmGgY3UuiAIIx5IiTdS7O2DtfkhbPfx5Xhkvkb6uosnvKEgsa1xUD57FpDcrM5AwY5je9E9Q==", "event"=>{"name"=>"kuhfe", "description"=>"wssfc"}, "commit"=>"Create"}
  [1m[35m (0.1ms)[0m  [1m[36mbegin transaction[0m
  [1m[35mSQL (0.8ms)[0m  [1m[32mINSERT INTO "events" ("name", "description", "created_at", "updated_at") VALUES (?, ?, ?, ?)[0m  [["name", "kuhfe"], ["description", "wssfc"], ["created_at", "2018-03-07 01:58:34.079691"], ["updated_at", "2018-03-07 01:58:34.079691"]]
  [1m[35m (1.1ms)[0m  [1m[36mcommit transaction[0m
Redirected to http://localhost:3000/events
Completed 302 Found in 8ms (ActiveRecord: 1.9ms)


Started GET "/events" for 127.0.0.1 at 2018-03-07 09:58:34 +0800
Processing by EventsController#index as HTML
  Rendering events/index.html.erb within layouts/application
  [1m[36mEvent Load (0.2ms)[0m  [1m[34mSELECT "events".* FROM "events"[0m
  Rendered events/index.html.erb within layouts/application (3.5ms)
Completed 200 OK in 23ms (Views: 21.4ms | ActiveRecord: 0.2ms)


Started GET "/events" for 127.0.0.1 at 2018-03-07 10:01:43 +0800
DEPRECATION WARNING: Using a dynamic :controller segment in a route is deprecated and will be removed in Rails 5.2. (called from block in <top (required)> at /Users/yumei.shih/Desktop/Practice/RoR/HelloWorld/config/routes.rb:6)
DEPRECATION WARNING: Using a dynamic :action segment in a route is deprecated and will be removed in Rails 5.2. (called from block in <top (required)> at /Users/yumei.shih/Desktop/Practice/RoR/HelloWorld/config/routes.rb:6)
Processing by EventsController#index as HTML
  Rendering events/index.html.erb within layouts/application
  [1m[36mEvent Load (0.2ms)[0m  [1m[34mSELECT "events".* FROM "events"[0m
  Rendered events/index.html.erb within layouts/application (11.7ms)
Completed 200 OK in 38ms (Views: 33.5ms | ActiveRecord: 1.1ms)


Started GET "/events/show/1" for 127.0.0.1 at 2018-03-07 10:01:45 +0800
Processing by EventsController#show as HTML
  Parameters: {"id"=>"1"}
  [1m[36mEvent Load (0.4ms)[0m  [1m[34mSELECT  "events".* FROM "events" WHERE "events"."id" = ? LIMIT ?[0m  [["id", 1], ["LIMIT", 1]]
  Rendering events/show.html.erb within layouts/application
  Rendered events/show.html.erb within layouts/application (1.8ms)
Completed 200 OK in 42ms (Views: 33.8ms | ActiveRecord: 0.4ms)


Started GET "/events" for 127.0.0.1 at 2018-03-07 10:01:47 +0800
Processing by EventsController#index as HTML
  Rendering events/index.html.erb within layouts/application
  [1m[36mEvent Load (0.5ms)[0m  [1m[34mSELECT "events".* FROM "events"[0m
  Rendered events/index.html.erb within layouts/application (15.8ms)
Completed 200 OK in 59ms (Views: 54.7ms | ActiveRecord: 0.5ms)


Started GET "/events/show/2" for 127.0.0.1 at 2018-03-07 10:01:48 +0800
Processing by EventsController#show as HTML
  Parameters: {"id"=>"2"}
  [1m[36mEvent Load (0.2ms)[0m  [1m[34mSELECT  "events".* FROM "events" WHERE "events"."id" = ? LIMIT ?[0m  [["id", 2], ["LIMIT", 1]]
  Rendering events/show.html.erb within layouts/application
  Rendered events/show.html.erb within layouts/application (1.7ms)
Completed 200 OK in 44ms (Views: 39.3ms | ActiveRecord: 0.2ms)


Started GET "/events" for 127.0.0.1 at 2018-03-07 10:01:50 +0800
Processing by EventsController#index as HTML
  Rendering events/index.html.erb within layouts/application
  [1m[36mEvent Load (0.3ms)[0m  [1m[34mSELECT "events".* FROM "events"[0m
  Rendered events/index.html.erb within layouts/application (4.6ms)
Completed 200 OK in 44ms (Views: 40.7ms | ActiveRecord: 0.3ms)


Started GET "/events/show/3" for 127.0.0.1 at 2018-03-07 10:01:51 +0800
Processing by EventsController#show as HTML
  Parameters: {"id"=>"3"}
  [1m[36mEvent Load (0.4ms)[0m  [1m[34mSELECT  "events".* FROM "events" WHERE "events"."id" = ? LIMIT ?[0m  [["id", 3], ["LIMIT", 1]]
  Rendering events/show.html.erb within layouts/application
  Rendered events/show.html.erb within layouts/application (1.6ms)
Completed 200 OK in 43ms (Views: 36.9ms | ActiveRecord: 0.4ms)


Started GET "/events" for 127.0.0.1 at 2018-03-07 10:01:53 +0800
Processing by EventsController#index as HTML
  Rendering events/index.html.erb within layouts/application
  [1m[36mEvent Load (0.6ms)[0m  [1m[34mSELECT "events".* FROM "events"[0m
  Rendered events/index.html.erb within layouts/application (6.4ms)
Completed 200 OK in 62ms (Views: 58.8ms | ActiveRecord: 0.6ms)


Started GET "/events" for 127.0.0.1 at 2018-03-07 10:04:38 +0800
DEPRECATION WARNING: Using a dynamic :controller segment in a route is deprecated and will be removed in Rails 5.2. (called from block in <top (required)> at /Users/yumei.shih/Desktop/Practice/RoR/HelloWorld/config/routes.rb:6)
DEPRECATION WARNING: Using a dynamic :action segment in a route is deprecated and will be removed in Rails 5.2. (called from block in <top (required)> at /Users/yumei.shih/Desktop/Practice/RoR/HelloWorld/config/routes.rb:6)
Processing by EventsController#index as HTML
  Rendering events/index.html.erb within layouts/application
  [1m[36mEvent Load (0.1ms)[0m  [1m[34mSELECT "events".* FROM "events"[0m
  Rendered events/index.html.erb within layouts/application (17.3ms)
Completed 200 OK in 37ms (Views: 32.9ms | ActiveRecord: 1.0ms)


Started GET "/events/edit/1" for 127.0.0.1 at 2018-03-07 10:04:39 +0800
Processing by EventsController#edit as HTML
  Parameters: {"id"=>"1"}
  [1m[36mEvent Load (0.4ms)[0m  [1m[34mSELECT  "events".* FROM "events" WHERE "events"."id" = ? LIMIT ?[0m  [["id", 1], ["LIMIT", 1]]
  Rendering events/edit.html.erb within layouts/application
  Rendered events/edit.html.erb within layouts/application (3.3ms)
Completed 200 OK in 43ms (Views: 35.6ms | ActiveRecord: 0.4ms)


Started GET "/events/edit/3" for 127.0.0.1 at 2018-03-07 10:04:43 +0800
Processing by EventsController#edit as HTML
  Parameters: {"id"=>"3"}
  [1m[36mEvent Load (0.2ms)[0m  [1m[34mSELECT  "events".* FROM "events" WHERE "events"."id" = ? LIMIT ?[0m  [["id", 3], ["LIMIT", 1]]
  Rendering events/edit.html.erb within layouts/application
  Rendered events/edit.html.erb within layouts/application (3.7ms)
Completed 200 OK in 41ms (Views: 36.4ms | ActiveRecord: 0.2ms)


Started PATCH "/events/update/3" for 127.0.0.1 at 2018-03-07 10:05:00 +0800
Processing by EventsController#update as HTML
  Parameters: {"utf8"=>"✓", "authenticity_token"=>"ZcTtVSfB11R+SG+ZB6tcdoWSVB96ofk47NEPTdKGGHmegzKruhIMe0wdTx1BdhMQmWfiBa2eJVVvCxNeyIXvtQ==", "event"=>{"name"=>"kiki", "description"=>"hihi\r\ni am kiki\r\nA cat"}, "commit"=>"Update", "id"=>"3"}
  [1m[36mEvent Load (0.2ms)[0m  [1m[34mSELECT  "events".* FROM "events" WHERE "events"."id" = ? LIMIT ?[0m  [["id", 3], ["LIMIT", 1]]
  [1m[35m (0.1ms)[0m  [1m[36mbegin transaction[0m
  [1m[35mSQL (0.8ms)[0m  [1m[33mUPDATE "events" SET "name" = ?, "description" = ?, "updated_at" = ? WHERE "events"."id" = ?[0m  [["name", "kiki"], ["description", "hihi\r\ni am kiki\r\nA cat"], ["updated_at", "2018-03-07 02:05:00.702620"], ["id", 3]]
  [1m[35m (1.7ms)[0m  [1m[36mcommit transaction[0m
Redirected to http://localhost:3000/events/show/3
Completed 302 Found in 13ms (ActiveRecord: 2.8ms)


Started GET "/events/show/3" for 127.0.0.1 at 2018-03-07 10:05:00 +0800
Processing by EventsController#show as HTML
  Parameters: {"id"=>"3"}
  [1m[36mEvent Load (0.2ms)[0m  [1m[34mSELECT  "events".* FROM "events" WHERE "events"."id" = ? LIMIT ?[0m  [["id", 3], ["LIMIT", 1]]
  Rendering events/show.html.erb within layouts/application
  Rendered events/show.html.erb within layouts/application (1.1ms)
Completed 200 OK in 18ms (Views: 15.6ms | ActiveRecord: 0.2ms)


Started GET "/events" for 127.0.0.1 at 2018-03-07 10:05:03 +0800
Processing by EventsController#index as HTML
  Rendering events/index.html.erb within layouts/application
  [1m[36mEvent Load (0.3ms)[0m  [1m[34mSELECT "events".* FROM "events"[0m
  Rendered events/index.html.erb within layouts/application (6.5ms)
Completed 200 OK in 51ms (Views: 48.6ms | ActiveRecord: 0.3ms)


Started GET "/events/show/3" for 127.0.0.1 at 2018-03-07 10:05:06 +0800
Processing by EventsController#show as HTML
  Parameters: {"id"=>"3"}
  [1m[36mEvent Load (0.2ms)[0m  [1m[34mSELECT  "events".* FROM "events" WHERE "events"."id" = ? LIMIT ?[0m  [["id", 3], ["LIMIT", 1]]
  Rendering events/show.html.erb within layouts/application
  Rendered events/show.html.erb within layouts/application (3.0ms)
Completed 200 OK in 47ms (Views: 42.7ms | ActiveRecord: 0.2ms)


Started GET "/events" for 127.0.0.1 at 2018-03-07 10:05:06 +0800
Processing by EventsController#index as HTML
  Rendering events/index.html.erb within layouts/application
  [1m[36mEvent Load (0.3ms)[0m  [1m[34mSELECT "events".* FROM "events"[0m
  Rendered events/index.html.erb within layouts/application (17.3ms)
Completed 200 OK in 60ms (Views: 47.0ms | ActiveRecord: 0.3ms)


Started GET "/events/edit/2" for 127.0.0.1 at 2018-03-07 10:05:08 +0800
Processing by EventsController#edit as HTML
  Parameters: {"id"=>"2"}
  [1m[36mEvent Load (0.3ms)[0m  [1m[34mSELECT  "events".* FROM "events" WHERE "events"."id" = ? LIMIT ?[0m  [["id", 2], ["LIMIT", 1]]
  Rendering events/edit.html.erb within layouts/application
  Rendered events/edit.html.erb within layouts/application (2.0ms)
Completed 200 OK in 40ms (Views: 35.5ms | ActiveRecord: 0.2ms)


Started PATCH "/events/update/2" for 127.0.0.1 at 2018-03-07 10:05:28 +0800
Processing by EventsController#update as HTML
  Parameters: {"utf8"=>"✓", "authenticity_token"=>"4xtqlszDM1n2mhTtPFLr7B2jjcR+lZGj3ksd08AzEKH9yoU3/J5cwYjMxPoth0allyG9m/ayw3+yzdbm++Ik1A==", "event"=>{"name"=>"fifi", "description"=>"hello\r\ni am fifi\r\nA dog"}, "commit"=>"Update", "id"=>"2"}
  [1m[36mEvent Load (0.1ms)[0m  [1m[34mSELECT  "events".* FROM "events" WHERE "events"."id" = ? LIMIT ?[0m  [["id", 2], ["LIMIT", 1]]
  [1m[35m (0.1ms)[0m  [1m[36mbegin transaction[0m
  [1m[35mSQL (0.7ms)[0m  [1m[33mUPDATE "events" SET "name" = ?, "description" = ?, "updated_at" = ? WHERE "events"."id" = ?[0m  [["name", "fifi"], ["description", "hello\r\ni am fifi\r\nA dog"], ["updated_at", "2018-03-07 02:05:28.698259"], ["id", 2]]
  [1m[35m (1.4ms)[0m  [1m[36mcommit transaction[0m
Redirected to http://localhost:3000/events/show/2
Completed 302 Found in 9ms (ActiveRecord: 2.4ms)


Started GET "/events/show/2" for 127.0.0.1 at 2018-03-07 10:05:28 +0800
Processing by EventsController#show as HTML
  Parameters: {"id"=>"2"}
  [1m[36mEvent Load (0.1ms)[0m  [1m[34mSELECT  "events".* FROM "events" WHERE "events"."id" = ? LIMIT ?[0m  [["id", 2], ["LIMIT", 1]]
  Rendering events/show.html.erb within layouts/application
  Rendered events/show.html.erb within layouts/application (1.1ms)
Completed 200 OK in 19ms (Views: 17.3ms | ActiveRecord: 0.1ms)


Started GET "/events" for 127.0.0.1 at 2018-03-07 10:05:31 +0800
Processing by EventsController#index as HTML
  Rendering events/index.html.erb within layouts/application
  [1m[36mEvent Load (0.2ms)[0m  [1m[34mSELECT "events".* FROM "events"[0m
  Rendered events/index.html.erb within layouts/application (5.8ms)
Completed 200 OK in 43ms (Views: 39.6ms | ActiveRecord: 0.2ms)


Started GET "/events" for 127.0.0.1 at 2018-03-07 10:05:58 +0800
DEPRECATION WARNING: Using a dynamic :controller segment in a route is deprecated and will be removed in Rails 5.2. (called from block in <top (required)> at /Users/yumei.shih/Desktop/Practice/RoR/HelloWorld/config/routes.rb:6)
DEPRECATION WARNING: Using a dynamic :action segment in a route is deprecated and will be removed in Rails 5.2. (called from block in <top (required)> at /Users/yumei.shih/Desktop/Practice/RoR/HelloWorld/config/routes.rb:6)
Processing by EventsController#index as HTML
  Rendering events/index.html.erb within layouts/application
  [1m[36mEvent Load (0.1ms)[0m  [1m[34mSELECT "events".* FROM "events"[0m
  Rendered events/index.html.erb within layouts/application (10.0ms)
Completed 200 OK in 30ms (Views: 25.6ms | ActiveRecord: 0.9ms)


Started GET "/events/new" for 127.0.0.1 at 2018-03-07 10:06:00 +0800
Processing by EventsController#new as HTML
  Rendering events/new.html.erb within layouts/application
  Rendered events/new.html.erb within layouts/application (4.9ms)
Completed 200 OK in 51ms (Views: 47.6ms | ActiveRecord: 0.0ms)


Started POST "/events/create" for 127.0.0.1 at 2018-03-07 10:06:04 +0800
Processing by EventsController#create as HTML
  Parameters: {"utf8"=>"✓", "authenticity_token"=>"Z3MCMNe/bcAZu85tTmK2uO0kjjNMjTnWz/4dsvL+xsjdA7sZGblupfVO9vnQ5kdfwORXU2/sb7i9Tq2FqPUHjg==", "event"=>{"name"=>"sdcsd", "description"=>"vsfvfdv"}, "commit"=>"Create"}
  [1m[35m (0.1ms)[0m  [1m[36mbegin transaction[0m
  [1m[35mSQL (0.7ms)[0m  [1m[32mINSERT INTO "events" ("name", "description", "created_at", "updated_at") VALUES (?, ?, ?, ?)[0m  [["name", "sdcsd"], ["description", "vsfvfdv"], ["created_at", "2018-03-07 02:06:04.291090"], ["updated_at", "2018-03-07 02:06:04.291090"]]
  [1m[35m (0.8ms)[0m  [1m[36mcommit transaction[0m
Redirected to http://localhost:3000/events
Completed 302 Found in 7ms (ActiveRecord: 1.6ms)


Started GET "/events" for 127.0.0.1 at 2018-03-07 10:06:04 +0800
Processing by EventsController#index as HTML
  Rendering events/index.html.erb within layouts/application
  [1m[36mEvent Load (0.2ms)[0m  [1m[34mSELECT "events".* FROM "events"[0m
  Rendered events/index.html.erb within layouts/application (2.7ms)
Completed 200 OK in 23ms (Views: 19.4ms | ActiveRecord: 0.2ms)


Started GET "/events/destroy/4" for 127.0.0.1 at 2018-03-07 10:06:06 +0800
Processing by EventsController#destroy as HTML
  Parameters: {"id"=>"4"}
  [1m[36mEvent Load (0.4ms)[0m  [1m[34mSELECT  "events".* FROM "events" WHERE "events"."id" = ? LIMIT ?[0m  [["id", 4], ["LIMIT", 1]]
  [1m[35m (0.1ms)[0m  [1m[36mbegin transaction[0m
  [1m[35mSQL (0.8ms)[0m  [1m[31mDELETE FROM "events" WHERE "events"."id" = ?[0m  [["id", 4]]
  [1m[35m (1.9ms)[0m  [1m[36mcommit transaction[0m
Redirected to http://localhost:3000/events
Completed 302 Found in 10ms (ActiveRecord: 3.1ms)


Started GET "/events" for 127.0.0.1 at 2018-03-07 10:06:06 +0800
Processing by EventsController#index as HTML
  Rendering events/index.html.erb within layouts/application
  [1m[36mEvent Load (0.2ms)[0m  [1m[34mSELECT "events".* FROM "events"[0m
  Rendered events/index.html.erb within layouts/application (2.5ms)
Completed 200 OK in 27ms (Views: 23.1ms | ActiveRecord: 0.2ms)


Started GET "/events" for 127.0.0.1 at 2018-03-07 10:12:32 +0800
Processing by EventsController#index as HTML
  Rendering events/index.html.erb within layouts/application
  [1m[36mEvent Load (0.2ms)[0m  [1m[34mSELECT "events".* FROM "events"[0m
  Rendered events/index.html.erb within layouts/application (2.4ms)
Completed 200 OK in 22ms (Views: 19.5ms | ActiveRecord: 0.2ms)


Started GET "/events/new" for 127.0.0.1 at 2018-03-07 10:12:35 +0800
Processing by EventsController#new as HTML
  Rendering events/new.html.erb within layouts/application
  Rendered events/_form.html.erb (2.1ms)
  Rendered events/new.html.erb within layouts/application (5.8ms)
Completed 200 OK in 43ms (Views: 40.2ms | ActiveRecord: 0.0ms)


Started POST "/events/create" for 127.0.0.1 at 2018-03-07 10:12:39 +0800
Processing by EventsController#create as HTML
  Parameters: {"utf8"=>"✓", "authenticity_token"=>"M177gppjMjoGv1idAQ5jfw04wtwm/mbyT5Boo7hzm92JLkKrVGUxX+pKYAmfipKYIPgbvAWfMJw9INiU4nhamw==", "event"=>{"name"=>"hhh", "description"=>"etgret"}, "commit"=>"Create"}
  [1m[35m (0.1ms)[0m  [1m[36mbegin transaction[0m
  [1m[35mSQL (0.8ms)[0m  [1m[32mINSERT INTO "events" ("name", "description", "created_at", "updated_at") VALUES (?, ?, ?, ?)[0m  [["name", "hhh"], ["description", "etgret"], ["created_at", "2018-03-07 02:12:39.278915"], ["updated_at", "2018-03-07 02:12:39.278915"]]
  [1m[35m (0.9ms)[0m  [1m[36mcommit transaction[0m
Redirected to http://localhost:3000/events
Completed 302 Found in 7ms (ActiveRecord: 1.7ms)


Started GET "/events" for 127.0.0.1 at 2018-03-07 10:12:39 +0800
Processing by EventsController#index as HTML
  Rendering events/index.html.erb within layouts/application
  [1m[36mEvent Load (0.6ms)[0m  [1m[34mSELECT "events".* FROM "events"[0m
  Rendered events/index.html.erb within layouts/application (6.8ms)
Completed 200 OK in 32ms (Views: 30.0ms | ActiveRecord: 0.6ms)


Started GET "/events/edit/5" for 127.0.0.1 at 2018-03-07 10:12:41 +0800
Processing by EventsController#edit as HTML
  Parameters: {"id"=>"5"}
  [1m[36mEvent Load (0.2ms)[0m  [1m[34mSELECT  "events".* FROM "events" WHERE "events"."id" = ? LIMIT ?[0m  [["id", 5], ["LIMIT", 1]]
  Rendering events/edit.html.erb within layouts/application
  Rendered events/_form.html.erb (1.8ms)
  Rendered events/edit.html.erb within layouts/application (5.4ms)
Completed 200 OK in 42ms (Views: 37.2ms | ActiveRecord: 0.2ms)


Started PATCH "/events/update/5" for 127.0.0.1 at 2018-03-07 10:12:47 +0800
Processing by EventsController#update as HTML
  Parameters: {"utf8"=>"✓", "authenticity_token"=>"dkbGk0BN3L1OkDmjbrFlTmc7+nLrMEvzrfyz/6sGRIlkyyMqEV7S/YERVk6RoP30d27dZ5phAp9dnZYZEBuA6w==", "event"=>{"name"=>"hhh", "description"=>"dggb\r\nergertg"}, "commit"=>"Update", "id"=>"5"}
  [1m[36mEvent Load (0.2ms)[0m  [1m[34mSELECT  "events".* FROM "events" WHERE "events"."id" = ? LIMIT ?[0m  [["id", 5], ["LIMIT", 1]]
  [1m[35m (0.2ms)[0m  [1m[36mbegin transaction[0m
  [1m[35mSQL (0.3ms)[0m  [1m[33mUPDATE "events" SET "description" = ?, "updated_at" = ? WHERE "events"."id" = ?[0m  [["description", "dggb\r\nergertg"], ["updated_at", "2018-03-07 02:12:47.185870"], ["id", 5]]
  [1m[35m (0.7ms)[0m  [1m[36mcommit transaction[0m
Redirected to http://localhost:3000/events/show/5
Completed 302 Found in 7ms (ActiveRecord: 1.4ms)


Started GET "/events/show/5" for 127.0.0.1 at 2018-03-07 10:12:47 +0800
Processing by EventsController#show as HTML
  Parameters: {"id"=>"5"}
  [1m[36mEvent Load (0.1ms)[0m  [1m[34mSELECT  "events".* FROM "events" WHERE "events"."id" = ? LIMIT ?[0m  [["id", 5], ["LIMIT", 1]]
  Rendering events/show.html.erb within layouts/application
  Rendered events/show.html.erb within layouts/application (5.1ms)
Completed 200 OK in 31ms (Views: 28.5ms | ActiveRecord: 0.1ms)


Started GET "/events" for 127.0.0.1 at 2018-03-07 10:12:48 +0800
Processing by EventsController#index as HTML
  Rendering events/index.html.erb within layouts/application
  [1m[36mEvent Load (0.3ms)[0m  [1m[34mSELECT "events".* FROM "events"[0m
  Rendered events/index.html.erb within layouts/application (9.5ms)
Completed 200 OK in 51ms (Views: 47.5ms | ActiveRecord: 0.3ms)


Started GET "/events/destroy/5" for 127.0.0.1 at 2018-03-07 10:12:50 +0800
Processing by EventsController#destroy as HTML
  Parameters: {"id"=>"5"}
  [1m[36mEvent Load (0.2ms)[0m  [1m[34mSELECT  "events".* FROM "events" WHERE "events"."id" = ? LIMIT ?[0m  [["id", 5], ["LIMIT", 1]]
  [1m[35m (0.1ms)[0m  [1m[36mbegin transaction[0m
  [1m[35mSQL (0.6ms)[0m  [1m[31mDELETE FROM "events" WHERE "events"."id" = ?[0m  [["id", 5]]
  [1m[35m (2.1ms)[0m  [1m[36mcommit transaction[0m
Redirected to http://localhost:3000/events
Completed 302 Found in 7ms (ActiveRecord: 2.9ms)


Started GET "/events" for 127.0.0.1 at 2018-03-07 10:12:50 +0800
Processing by EventsController#index as HTML
  Rendering events/index.html.erb within layouts/application
  [1m[36mEvent Load (0.2ms)[0m  [1m[34mSELECT "events".* FROM "events"[0m
  Rendered events/index.html.erb within layouts/application (3.7ms)
Completed 200 OK in 39ms (Views: 33.1ms | ActiveRecord: 0.2ms)


DEPRECATION WARNING: Using a dynamic :controller segment in a route is deprecated and will be removed in Rails 5.2. (called from block in <top (required)> at /Users/yumei.shih/Desktop/Practice/RoR/ruby-on-rails-simple-crud-master/config/routes.rb:6)
DEPRECATION WARNING: Using a dynamic :action segment in a route is deprecated and will be removed in Rails 5.2. (called from block in <top (required)> at /Users/yumei.shih/Desktop/Practice/RoR/ruby-on-rails-simple-crud-master/config/routes.rb:6)
Started GET "/events" for 127.0.0.1 at 2018-03-07 10:20:26 +0800
  [1m[35m (0.2ms)[0m  [1m[34mSELECT "schema_migrations"."version" FROM "schema_migrations" ORDER BY "schema_migrations"."version" ASC[0m
Processing by EventsController#index as HTML
  Rendering events/index.html.erb within layouts/application
  [1m[36mEvent Load (0.2ms)[0m  [1m[34mSELECT "events".* FROM "events"[0m
  Rendered events/index.html.erb within layouts/application (16.1ms)
Completed 200 OK in 233ms (Views: 220.8ms | ActiveRecord: 1.6ms)


Started GET "/events/edit/3" for 127.0.0.1 at 2018-03-07 10:20:29 +0800
Processing by EventsController#edit as HTML
  Parameters: {"id"=>"3"}
  [1m[36mEvent Load (0.3ms)[0m  [1m[34mSELECT  "events".* FROM "events" WHERE "events"."id" = ? LIMIT ?[0m  [["id", 3], ["LIMIT", 1]]
  Rendering events/edit.html.erb within layouts/application
  Rendered events/_form.html.erb (14.8ms)
  Rendered events/edit.html.erb within layouts/application (20.6ms)
Completed 200 OK in 68ms (Views: 55.1ms | ActiveRecord: 2.2ms)


Started PATCH "/events/update/3" for 127.0.0.1 at 2018-03-07 10:20:31 +0800
Processing by EventsController#update as HTML
  Parameters: {"utf8"=>"✓", "authenticity_token"=>"DlvhJ51RP3ofzZPO8NxZni+s9+rZtZKTC/wzP7FR7rv1HD7ZAILkVS2Ys0q2ARb4M1lB8A6KTv6IJi8sq1IZdw==", "event"=>{"name"=>"kiki", "description"=>"hihi\r\ni am kiki\r\nA cat"}, "commit"=>"Update", "id"=>"3"}
  [1m[36mEvent Load (0.3ms)[0m  [1m[34mSELECT  "events".* FROM "events" WHERE "events"."id" = ? LIMIT ?[0m  [["id", 3], ["LIMIT", 1]]
  [1m[35m (0.1ms)[0m  [1m[36mbegin transaction[0m
  [1m[35m (0.1ms)[0m  [1m[36mcommit transaction[0m
Redirected to http://localhost:3000/events/show/3
Completed 302 Found in 4ms (ActiveRecord: 0.4ms)


Started GET "/events/show/3" for 127.0.0.1 at 2018-03-07 10:20:31 +0800
Processing by EventsController#show as HTML
  Parameters: {"id"=>"3"}
  [1m[36mEvent Load (0.1ms)[0m  [1m[34mSELECT  "events".* FROM "events" WHERE "events"."id" = ? LIMIT ?[0m  [["id", 3], ["LIMIT", 1]]
  Rendering events/show.html.erb within layouts/application
  Rendered events/show.html.erb within layouts/application (1.8ms)
Completed 200 OK in 28ms (Views: 25.2ms | ActiveRecord: 0.1ms)


Started GET "/events" for 127.0.0.1 at 2018-03-07 10:20:32 +0800
Processing by EventsController#index as HTML
  Rendering events/index.html.erb within layouts/application
  [1m[36mEvent Load (0.3ms)[0m  [1m[34mSELECT "events".* FROM "events"[0m
  Rendered events/index.html.erb within layouts/application (5.1ms)
Completed 200 OK in 51ms (Views: 46.7ms | ActiveRecord: 0.3ms)


Started GET "/events" for 127.0.0.1 at 2018-03-07 10:24:37 +0800
  
LoadError (cannot load such file -- /Users/yumei.shih/Desktop/Practice/RoR/ruby-on-rails-simple-crud-master/config/routes.rb):
  
activesupport (5.1.5) lib/active_support/dependencies.rb:286:in `load'
activesupport (5.1.5) lib/active_support/dependencies.rb:286:in `block in load'
activesupport (5.1.5) lib/active_support/dependencies.rb:258:in `load_dependency'
activesupport (5.1.5) lib/active_support/dependencies.rb:286:in `load'
railties (5.1.5) lib/rails/application/routes_reloader.rb:55:in `block in load_paths'
railties (5.1.5) lib/rails/application/routes_reloader.rb:55:in `each'
railties (5.1.5) lib/rails/application/routes_reloader.rb:55:in `load_paths'
railties (5.1.5) lib/rails/application/routes_reloader.rb:18:in `reload!'
railties (5.1.5) lib/rails/application/routes_reloader.rb:41:in `block in updater'
activesupport (5.1.5) lib/active_support/file_update_checker.rb:81:in `execute'
railties (5.1.5) lib/rails/application/routes_reloader.rb:25:in `execute'
railties (5.1.5) lib/rails/application/finisher.rb:141:in `block (2 levels) in <module:Finisher>'
activesupport (5.1.5) lib/active_support/callbacks.rb:413:in `instance_exec'
activesupport (5.1.5) lib/active_support/callbacks.rb:413:in `block in make_lambda'
activesupport (5.1.5) lib/active_support/callbacks.rb:197:in `block (2 levels) in halting'
activesupport (5.1.5) lib/active_support/callbacks.rb:601:in `block (2 levels) in default_terminator'
activesupport (5.1.5) lib/active_support/callbacks.rb:600:in `catch'
activesupport (5.1.5) lib/active_support/callbacks.rb:600:in `block in default_terminator'
activesupport (5.1.5) lib/active_support/callbacks.rb:198:in `block in halting'
activesupport (5.1.5) lib/active_support/callbacks.rb:507:in `block in invoke_before'
activesupport (5.1.5) lib/active_support/callbacks.rb:507:in `each'
activesupport (5.1.5) lib/active_support/callbacks.rb:507:in `invoke_before'
activesupport (5.1.5) lib/active_support/callbacks.rb:130:in `run_callbacks'
activesupport (5.1.5) lib/active_support/execution_wrapper.rb:108:in `run!'
activesupport (5.1.5) lib/active_support/reloader.rb:113:in `run!'
activesupport (5.1.5) lib/active_support/execution_wrapper.rb:70:in `block in run!'
activesupport (5.1.5) lib/active_support/execution_wrapper.rb:67:in `tap'
activesupport (5.1.5) lib/active_support/execution_wrapper.rb:67:in `run!'
activesupport (5.1.5) lib/active_support/reloader.rb:59:in `run!'
actionpack (5.1.5) lib/action_dispatch/middleware/executor.rb:10:in `call'
actionpack (5.1.5) lib/action_dispatch/middleware/debug_exceptions.rb:59:in `call'
web-console (3.5.1) lib/web_console/middleware.rb:135:in `call_app'
web-console (3.5.1) lib/web_console/middleware.rb:28:in `block in call'
web-console (3.5.1) lib/web_console/middleware.rb:18:in `catch'
web-console (3.5.1) lib/web_console/middleware.rb:18:in `call'
actionpack (5.1.5) lib/action_dispatch/middleware/show_exceptions.rb:31:in `call'
railties (5.1.5) lib/rails/rack/logger.rb:36:in `call_app'
railties (5.1.5) lib/rails/rack/logger.rb:24:in `block in call'
activesupport (5.1.5) lib/active_support/tagged_logging.rb:69:in `block in tagged'
activesupport (5.1.5) lib/active_support/tagged_logging.rb:26:in `tagged'
activesupport (5.1.5) lib/active_support/tagged_logging.rb:69:in `tagged'
railties (5.1.5) lib/rails/rack/logger.rb:24:in `call'
sprockets-rails (3.2.1) lib/sprockets/rails/quiet_assets.rb:13:in `call'
actionpack (5.1.5) lib/action_dispatch/middleware/remote_ip.rb:79:in `call'
actionpack (5.1.5) lib/action_dispatch/middleware/request_id.rb:25:in `call'
rack (2.0.4) lib/rack/method_override.rb:22:in `call'
rack (2.0.4) lib/rack/runtime.rb:22:in `call'
activesupport (5.1.5) lib/active_support/cache/strategy/local_cache_middleware.rb:27:in `call'
actionpack (5.1.5) lib/action_dispatch/middleware/executor.rb:12:in `call'
actionpack (5.1.5) lib/action_dispatch/middleware/static.rb:125:in `call'
rack (2.0.4) lib/rack/sendfile.rb:111:in `call'
railties (5.1.5) lib/rails/engine.rb:522:in `call'
puma (3.11.2) lib/puma/configuration.rb:225:in `call'
puma (3.11.2) lib/puma/server.rb:624:in `handle_request'
puma (3.11.2) lib/puma/server.rb:438:in `process_client'
puma (3.11.2) lib/puma/server.rb:302:in `block in run'
puma (3.11.2) lib/puma/thread_pool.rb:120:in `block in spawn_thread'
Started GET "/favicon.ico" for 127.0.0.1 at 2018-03-07 10:24:48 +0800
  
ActionController::RoutingError (No route matches [GET] "/favicon.ico"):
  
actionpack (5.1.5) lib/action_dispatch/middleware/debug_exceptions.rb:63:in `call'
web-console (3.5.1) lib/web_console/middleware.rb:135:in `call_app'
web-console (3.5.1) lib/web_console/middleware.rb:28:in `block in call'
web-console (3.5.1) lib/web_console/middleware.rb:18:in `catch'
web-console (3.5.1) lib/web_console/middleware.rb:18:in `call'
actionpack (5.1.5) lib/action_dispatch/middleware/show_exceptions.rb:31:in `call'
railties (5.1.5) lib/rails/rack/logger.rb:36:in `call_app'
railties (5.1.5) lib/rails/rack/logger.rb:24:in `block in call'
activesupport (5.1.5) lib/active_support/tagged_logging.rb:69:in `block in tagged'
activesupport (5.1.5) lib/active_support/tagged_logging.rb:26:in `tagged'
activesupport (5.1.5) lib/active_support/tagged_logging.rb:69:in `tagged'
railties (5.1.5) lib/rails/rack/logger.rb:24:in `call'
sprockets-rails (3.2.1) lib/sprockets/rails/quiet_assets.rb:13:in `call'
actionpack (5.1.5) lib/action_dispatch/middleware/remote_ip.rb:79:in `call'
actionpack (5.1.5) lib/action_dispatch/middleware/request_id.rb:25:in `call'
rack (2.0.4) lib/rack/method_override.rb:22:in `call'
rack (2.0.4) lib/rack/runtime.rb:22:in `call'
activesupport (5.1.5) lib/active_support/cache/strategy/local_cache_middleware.rb:27:in `call'
actionpack (5.1.5) lib/action_dispatch/middleware/executor.rb:12:in `call'
actionpack (5.1.5) lib/action_dispatch/middleware/static.rb:125:in `call'
rack (2.0.4) lib/rack/sendfile.rb:111:in `call'
railties (5.1.5) lib/rails/engine.rb:522:in `call'
puma (3.11.2) lib/puma/configuration.rb:225:in `call'
puma (3.11.2) lib/puma/server.rb:624:in `handle_request'
puma (3.11.2) lib/puma/server.rb:438:in `process_client'
puma (3.11.2) lib/puma/server.rb:302:in `block in run'
puma (3.11.2) lib/puma/thread_pool.rb:120:in `block in spawn_thread'
DEPRECATION WARNING: Using a dynamic :controller segment in a route is deprecated and will be removed in Rails 5.2. (called from block in <top (required)> at /Users/yumei.shih/Desktop/Practice/RoR/ruby-on-rails-simple-crud/config/routes.rb:6)
DEPRECATION WARNING: Using a dynamic :action segment in a route is deprecated and will be removed in Rails 5.2. (called from block in <top (required)> at /Users/yumei.shih/Desktop/Practice/RoR/ruby-on-rails-simple-crud/config/routes.rb:6)
Started GET "/" for 127.0.0.1 at 2018-03-07 10:25:30 +0800
  [1m[35m (0.1ms)[0m  [1m[34mSELECT "schema_migrations"."version" FROM "schema_migrations" ORDER BY "schema_migrations"."version" ASC[0m
Processing by WelcomeController#index as HTML
  Rendering welcome/index.html.erb within layouts/application
  Rendered welcome/index.html.erb within layouts/application (1.0ms)
Completed 200 OK in 210ms (Views: 202.3ms | ActiveRecord: 0.0ms)


Started GET "/events" for 127.0.0.1 at 2018-03-07 10:25:39 +0800
  
ActionController::RoutingError (No route matches [GET] "/events"):
  
actionpack (5.1.5) lib/action_dispatch/middleware/debug_exceptions.rb:63:in `call'
web-console (3.5.1) lib/web_console/middleware.rb:135:in `call_app'
web-console (3.5.1) lib/web_console/middleware.rb:28:in `block in call'
web-console (3.5.1) lib/web_console/middleware.rb:18:in `catch'
web-console (3.5.1) lib/web_console/middleware.rb:18:in `call'
actionpack (5.1.5) lib/action_dispatch/middleware/show_exceptions.rb:31:in `call'
railties (5.1.5) lib/rails/rack/logger.rb:36:in `call_app'
railties (5.1.5) lib/rails/rack/logger.rb:24:in `block in call'
activesupport (5.1.5) lib/active_support/tagged_logging.rb:69:in `block in tagged'
activesupport (5.1.5) lib/active_support/tagged_logging.rb:26:in `tagged'
activesupport (5.1.5) lib/active_support/tagged_logging.rb:69:in `tagged'
railties (5.1.5) lib/rails/rack/logger.rb:24:in `call'
sprockets-rails (3.2.1) lib/sprockets/rails/quiet_assets.rb:13:in `call'
actionpack (5.1.5) lib/action_dispatch/middleware/remote_ip.rb:79:in `call'
actionpack (5.1.5) lib/action_dispatch/middleware/request_id.rb:25:in `call'
rack (2.0.4) lib/rack/method_override.rb:22:in `call'
rack (2.0.4) lib/rack/runtime.rb:22:in `call'
activesupport (5.1.5) lib/active_support/cache/strategy/local_cache_middleware.rb:27:in `call'
actionpack (5.1.5) lib/action_dispatch/middleware/executor.rb:12:in `call'
actionpack (5.1.5) lib/action_dispatch/middleware/static.rb:125:in `call'
rack (2.0.4) lib/rack/sendfile.rb:111:in `call'
railties (5.1.5) lib/rails/engine.rb:522:in `call'
puma (3.11.2) lib/puma/configuration.rb:225:in `call'
puma (3.11.2) lib/puma/server.rb:624:in `handle_request'
puma (3.11.2) lib/puma/server.rb:438:in `process_client'
puma (3.11.2) lib/puma/server.rb:302:in `block in run'
puma (3.11.2) lib/puma/thread_pool.rb:120:in `block in spawn_thread'
Started GET "/event" for 127.0.0.1 at 2018-03-07 10:25:43 +0800
  
ActionController::RoutingError (No route matches [GET] "/event"):
  
actionpack (5.1.5) lib/action_dispatch/middleware/debug_exceptions.rb:63:in `call'
web-console (3.5.1) lib/web_console/middleware.rb:135:in `call_app'
web-console (3.5.1) lib/web_console/middleware.rb:28:in `block in call'
web-console (3.5.1) lib/web_console/middleware.rb:18:in `catch'
web-console (3.5.1) lib/web_console/middleware.rb:18:in `call'
actionpack (5.1.5) lib/action_dispatch/middleware/show_exceptions.rb:31:in `call'
railties (5.1.5) lib/rails/rack/logger.rb:36:in `call_app'
railties (5.1.5) lib/rails/rack/logger.rb:24:in `block in call'
activesupport (5.1.5) lib/active_support/tagged_logging.rb:69:in `block in tagged'
activesupport (5.1.5) lib/active_support/tagged_logging.rb:26:in `tagged'
activesupport (5.1.5) lib/active_support/tagged_logging.rb:69:in `tagged'
railties (5.1.5) lib/rails/rack/logger.rb:24:in `call'
sprockets-rails (3.2.1) lib/sprockets/rails/quiet_assets.rb:13:in `call'
actionpack (5.1.5) lib/action_dispatch/middleware/remote_ip.rb:79:in `call'
actionpack (5.1.5) lib/action_dispatch/middleware/request_id.rb:25:in `call'
rack (2.0.4) lib/rack/method_override.rb:22:in `call'
rack (2.0.4) lib/rack/runtime.rb:22:in `call'
activesupport (5.1.5) lib/active_support/cache/strategy/local_cache_middleware.rb:27:in `call'
actionpack (5.1.5) lib/action_dispatch/middleware/executor.rb:12:in `call'
actionpack (5.1.5) lib/action_dispatch/middleware/static.rb:125:in `call'
rack (2.0.4) lib/rack/sendfile.rb:111:in `call'
railties (5.1.5) lib/rails/engine.rb:522:in `call'
puma (3.11.2) lib/puma/configuration.rb:225:in `call'
puma (3.11.2) lib/puma/server.rb:624:in `handle_request'
puma (3.11.2) lib/puma/server.rb:438:in `process_client'
puma (3.11.2) lib/puma/server.rb:302:in `block in run'
puma (3.11.2) lib/puma/thread_pool.rb:120:in `block in spawn_thread'
Started GET "/events" for 127.0.0.1 at 2018-03-07 10:25:58 +0800
  
ActionController::RoutingError (No route matches [GET] "/events"):
  
actionpack (5.1.5) lib/action_dispatch/middleware/debug_exceptions.rb:63:in `call'
web-console (3.5.1) lib/web_console/middleware.rb:135:in `call_app'
web-console (3.5.1) lib/web_console/middleware.rb:28:in `block in call'
web-console (3.5.1) lib/web_console/middleware.rb:18:in `catch'
web-console (3.5.1) lib/web_console/middleware.rb:18:in `call'
actionpack (5.1.5) lib/action_dispatch/middleware/show_exceptions.rb:31:in `call'
railties (5.1.5) lib/rails/rack/logger.rb:36:in `call_app'
railties (5.1.5) lib/rails/rack/logger.rb:24:in `block in call'
activesupport (5.1.5) lib/active_support/tagged_logging.rb:69:in `block in tagged'
activesupport (5.1.5) lib/active_support/tagged_logging.rb:26:in `tagged'
activesupport (5.1.5) lib/active_support/tagged_logging.rb:69:in `tagged'
railties (5.1.5) lib/rails/rack/logger.rb:24:in `call'
sprockets-rails (3.2.1) lib/sprockets/rails/quiet_assets.rb:13:in `call'
actionpack (5.1.5) lib/action_dispatch/middleware/remote_ip.rb:79:in `call'
actionpack (5.1.5) lib/action_dispatch/middleware/request_id.rb:25:in `call'
rack (2.0.4) lib/rack/method_override.rb:22:in `call'
rack (2.0.4) lib/rack/runtime.rb:22:in `call'
activesupport (5.1.5) lib/active_support/cache/strategy/local_cache_middleware.rb:27:in `call'
actionpack (5.1.5) lib/action_dispatch/middleware/executor.rb:12:in `call'
actionpack (5.1.5) lib/action_dispatch/middleware/static.rb:125:in `call'
rack (2.0.4) lib/rack/sendfile.rb:111:in `call'
railties (5.1.5) lib/rails/engine.rb:522:in `call'
puma (3.11.2) lib/puma/configuration.rb:225:in `call'
puma (3.11.2) lib/puma/server.rb:624:in `handle_request'
puma (3.11.2) lib/puma/server.rb:438:in `process_client'
puma (3.11.2) lib/puma/server.rb:302:in `block in run'
puma (3.11.2) lib/puma/thread_pool.rb:120:in `block in spawn_thread'
Started GET "/events/" for 127.0.0.1 at 2018-03-07 10:26:20 +0800
  
ActionController::RoutingError (No route matches [GET] "/events"):
  
actionpack (5.1.5) lib/action_dispatch/middleware/debug_exceptions.rb:63:in `call'
web-console (3.5.1) lib/web_console/middleware.rb:135:in `call_app'
web-console (3.5.1) lib/web_console/middleware.rb:28:in `block in call'
web-console (3.5.1) lib/web_console/middleware.rb:18:in `catch'
web-console (3.5.1) lib/web_console/middleware.rb:18:in `call'
actionpack (5.1.5) lib/action_dispatch/middleware/show_exceptions.rb:31:in `call'
railties (5.1.5) lib/rails/rack/logger.rb:36:in `call_app'
railties (5.1.5) lib/rails/rack/logger.rb:24:in `block in call'
activesupport (5.1.5) lib/active_support/tagged_logging.rb:69:in `block in tagged'
activesupport (5.1.5) lib/active_support/tagged_logging.rb:26:in `tagged'
activesupport (5.1.5) lib/active_support/tagged_logging.rb:69:in `tagged'
railties (5.1.5) lib/rails/rack/logger.rb:24:in `call'
sprockets-rails (3.2.1) lib/sprockets/rails/quiet_assets.rb:13:in `call'
actionpack (5.1.5) lib/action_dispatch/middleware/remote_ip.rb:79:in `call'
actionpack (5.1.5) lib/action_dispatch/middleware/request_id.rb:25:in `call'
rack (2.0.4) lib/rack/method_override.rb:22:in `call'
rack (2.0.4) lib/rack/runtime.rb:22:in `call'
activesupport (5.1.5) lib/active_support/cache/strategy/local_cache_middleware.rb:27:in `call'
actionpack (5.1.5) lib/action_dispatch/middleware/executor.rb:12:in `call'
actionpack (5.1.5) lib/action_dispatch/middleware/static.rb:125:in `call'
rack (2.0.4) lib/rack/sendfile.rb:111:in `call'
railties (5.1.5) lib/rails/engine.rb:522:in `call'
puma (3.11.2) lib/puma/configuration.rb:225:in `call'
puma (3.11.2) lib/puma/server.rb:624:in `handle_request'
puma (3.11.2) lib/puma/server.rb:438:in `process_client'
puma (3.11.2) lib/puma/server.rb:302:in `block in run'
puma (3.11.2) lib/puma/thread_pool.rb:120:in `block in spawn_thread'
Started GET "/events/" for 127.0.0.1 at 2018-03-07 10:27:04 +0800
DEPRECATION WARNING: Using a dynamic :controller segment in a route is deprecated and will be removed in Rails 5.2. (called from block in <top (required)> at /Users/yumei.shih/Desktop/Practice/RoR/ruby-on-rails-simple-crud/config/routes.rb:6)
DEPRECATION WARNING: Using a dynamic :action segment in a route is deprecated and will be removed in Rails 5.2. (called from block in <top (required)> at /Users/yumei.shih/Desktop/Practice/RoR/ruby-on-rails-simple-crud/config/routes.rb:6)
Processing by EventsController#index as HTML
  Rendering events/index.html.erb within layouts/application
  [1m[36mEvent Load (0.4ms)[0m  [1m[34mSELECT "events".* FROM "events"[0m
  Rendered events/index.html.erb within layouts/application (23.6ms)
Completed 200 OK in 66ms (Views: 58.3ms | ActiveRecord: 2.1ms)


Started GET "/events/" for 127.0.0.1 at 2018-03-07 10:27:42 +0800
DEPRECATION WARNING: Using a dynamic :controller segment in a route is deprecated and will be removed in Rails 5.2. (called from block in <top (required)> at /Users/yumei.shih/Desktop/Practice/RoR/ruby-on-rails-simple-crud/config/routes.rb:6)
DEPRECATION WARNING: Using a dynamic :action segment in a route is deprecated and will be removed in Rails 5.2. (called from block in <top (required)> at /Users/yumei.shih/Desktop/Practice/RoR/ruby-on-rails-simple-crud/config/routes.rb:6)
Processing by EventsController#index as HTML
  Rendering events/index.html.erb within layouts/application
  [1m[36mEvent Load (0.2ms)[0m  [1m[34mSELECT "events".* FROM "events"[0m
  Rendered events/index.html.erb within layouts/application (10.8ms)
Completed 200 OK in 31ms (Views: 27.1ms | ActiveRecord: 1.1ms)


Started GET "/events/" for 127.0.0.1 at 2018-03-07 10:27:44 +0800
Processing by EventsController#index as HTML
  Rendering events/index.html.erb within layouts/application
  [1m[36mEvent Load (0.2ms)[0m  [1m[34mSELECT "events".* FROM "events"[0m
  Rendered events/index.html.erb within layouts/application (2.5ms)
Completed 200 OK in 27ms (Views: 23.5ms | ActiveRecord: 0.2ms)


Started GET "/events/" for 127.0.0.1 at 2018-03-07 10:27:48 +0800
Processing by EventsController#index as HTML
  Rendering events/index.html.erb within layouts/application
  [1m[36mEvent Load (0.2ms)[0m  [1m[34mSELECT "events".* FROM "events"[0m
  Rendered events/index.html.erb within layouts/application (2.8ms)
Completed 200 OK in 23ms (Views: 20.0ms | ActiveRecord: 0.2ms)


Started GET "/events/show/1" for 127.0.0.1 at 2018-03-07 10:27:50 +0800
Processing by EventsController#show as HTML
  Parameters: {"id"=>"1"}
  [1m[36mEvent Load (0.4ms)[0m  [1m[34mSELECT  "events".* FROM "events" WHERE "events"."id" = ? LIMIT ?[0m  [["id", 1], ["LIMIT", 1]]
  Rendering events/show.html.erb within layouts/application
  Rendered events/show.html.erb within layouts/application (1.5ms)
Completed 200 OK in 47ms (Views: 39.5ms | ActiveRecord: 0.4ms)


Started GET "/events" for 127.0.0.1 at 2018-03-07 10:27:51 +0800
Processing by EventsController#index as HTML
  Rendering events/index.html.erb within layouts/application
  [1m[36mEvent Load (0.3ms)[0m  [1m[34mSELECT "events".* FROM "events"[0m
  Rendered events/index.html.erb within layouts/application (6.9ms)
Completed 200 OK in 47ms (Views: 45.2ms | ActiveRecord: 0.3ms)


Started GET "/events/edit/1" for 127.0.0.1 at 2018-03-07 10:27:53 +0800
Processing by EventsController#edit as HTML
  Parameters: {"id"=>"1"}
  [1m[36mEvent Load (0.2ms)[0m  [1m[34mSELECT  "events".* FROM "events" WHERE "events"."id" = ? LIMIT ?[0m  [["id", 1], ["LIMIT", 1]]
  Rendering events/edit.html.erb within layouts/application
  Rendered events/_form.html.erb (19.1ms)
  Rendered events/edit.html.erb within layouts/application (24.9ms)
Completed 200 OK in 52ms (Views: 47.6ms | ActiveRecord: 0.2ms)


Started PATCH "/events/update/1" for 127.0.0.1 at 2018-03-07 10:27:58 +0800
Processing by EventsController#update as HTML
  Parameters: {"utf8"=>"✓", "authenticity_token"=>"9Y0WhXGmJRDeFOMi+SyS7BxKIBqzADKhuYxH5FGW4HkjY9gNgQU5holI4vim7+uQA5dBDMAAfuRvR17GQFK5yQ==", "event"=>{"name"=>"Ruby", "description"=>"ruby"}, "commit"=>"Update", "id"=>"1"}
  [1m[36mEvent Load (0.1ms)[0m  [1m[34mSELECT  "events".* FROM "events" WHERE "events"."id" = ? LIMIT ?[0m  [["id", 1], ["LIMIT", 1]]
  [1m[35m (0.1ms)[0m  [1m[36mbegin transaction[0m
  [1m[35mSQL (0.4ms)[0m  [1m[33mUPDATE "events" SET "description" = ?, "updated_at" = ? WHERE "events"."id" = ?[0m  [["description", "ruby"], ["updated_at", "2018-03-07 02:27:58.718161"], ["id", 1]]
  [1m[35m (0.8ms)[0m  [1m[36mcommit transaction[0m
Redirected to http://localhost:3000/events/show/1
Completed 302 Found in 6ms (ActiveRecord: 1.4ms)


Started GET "/events/show/1" for 127.0.0.1 at 2018-03-07 10:27:58 +0800
Processing by EventsController#show as HTML
  Parameters: {"id"=>"1"}
  [1m[36mEvent Load (0.2ms)[0m  [1m[34mSELECT  "events".* FROM "events" WHERE "events"."id" = ? LIMIT ?[0m  [["id", 1], ["LIMIT", 1]]
  Rendering events/show.html.erb within layouts/application
  Rendered events/show.html.erb within layouts/application (1.1ms)
Completed 200 OK in 21ms (Views: 18.0ms | ActiveRecord: 0.2ms)


Started GET "/events" for 127.0.0.1 at 2018-03-07 10:28:00 +0800
Processing by EventsController#index as HTML
  Rendering events/index.html.erb within layouts/application
  [1m[36mEvent Load (0.3ms)[0m  [1m[34mSELECT "events".* FROM "events"[0m
  Rendered events/index.html.erb within layouts/application (4.2ms)
Completed 200 OK in 39ms (Views: 36.8ms | ActiveRecord: 0.3ms)


Started GET "/events/new" for 127.0.0.1 at 2018-03-07 10:28:02 +0800
Processing by EventsController#new as HTML
  Rendering events/new.html.erb within layouts/application
  Rendered events/_form.html.erb (2.4ms)
  Rendered events/new.html.erb within layouts/application (9.1ms)
Completed 200 OK in 43ms (Views: 40.2ms | ActiveRecord: 0.0ms)


Started POST "/events/create" for 127.0.0.1 at 2018-03-07 10:28:05 +0800
Processing by EventsController#create as HTML
  Parameters: {"utf8"=>"✓", "authenticity_token"=>"lvlCf4fYZrYk87vWGvHZl0SfkQVIJL91YjWYhZmQi5QsiftWSd5l08gGg0KEdShwaV9IZWtF6RsQhSiyw5tK0g==", "event"=>{"name"=>"fff", "description"=>"www"}, "commit"=>"Create"}
  [1m[35m (0.1ms)[0m  [1m[36mbegin transaction[0m
  [1m[35mSQL (0.6ms)[0m  [1m[32mINSERT INTO "events" ("name", "description", "created_at", "updated_at") VALUES (?, ?, ?, ?)[0m  [["name", "fff"], ["description", "www"], ["created_at", "2018-03-07 02:28:05.827863"], ["updated_at", "2018-03-07 02:28:05.827863"]]
  [1m[35m (1.7ms)[0m  [1m[36mcommit transaction[0m
Redirected to http://localhost:3000/events
Completed 302 Found in 8ms (ActiveRecord: 2.3ms)


Started GET "/events" for 127.0.0.1 at 2018-03-07 10:28:05 +0800
Processing by EventsController#index as HTML
  Rendering events/index.html.erb within layouts/application
  [1m[36mEvent Load (0.2ms)[0m  [1m[34mSELECT "events".* FROM "events"[0m
  Rendered events/index.html.erb within layouts/application (3.9ms)
Completed 200 OK in 24ms (Views: 21.7ms | ActiveRecord: 0.2ms)


Started GET "/events/destroy/6" for 127.0.0.1 at 2018-03-07 10:28:07 +0800
Processing by EventsController#destroy as HTML
  Parameters: {"id"=>"6"}
  [1m[36mEvent Load (0.2ms)[0m  [1m[34mSELECT  "events".* FROM "events" WHERE "events"."id" = ? LIMIT ?[0m  [["id", 6], ["LIMIT", 1]]
  [1m[35m (0.1ms)[0m  [1m[36mbegin transaction[0m
  [1m[35mSQL (0.5ms)[0m  [1m[31mDELETE FROM "events" WHERE "events"."id" = ?[0m  [["id", 6]]
  [1m[35m (2.2ms)[0m  [1m[36mcommit transaction[0m
Redirected to http://localhost:3000/events
Completed 302 Found in 8ms (ActiveRecord: 3.0ms)


Started GET "/events" for 127.0.0.1 at 2018-03-07 10:28:07 +0800
Processing by EventsController#index as HTML
  Rendering events/index.html.erb within layouts/application
  [1m[36mEvent Load (0.6ms)[0m  [1m[34mSELECT "events".* FROM "events"[0m
  Rendered events/index.html.erb within layouts/application (7.4ms)
Completed 200 OK in 33ms (Views: 30.1ms | ActiveRecord: 0.6ms)


Started GET "/events" for 127.0.0.1 at 2018-03-07 10:28:30 +0800
DEPRECATION WARNING: Using a dynamic :controller segment in a route is deprecated and will be removed in Rails 5.2. (called from block in <top (required)> at /Users/yumei.shih/Desktop/Practice/RoR/ruby-on-rails-simple-crud/config/routes.rb:6)
DEPRECATION WARNING: Using a dynamic :action segment in a route is deprecated and will be removed in Rails 5.2. (called from block in <top (required)> at /Users/yumei.shih/Desktop/Practice/RoR/ruby-on-rails-simple-crud/config/routes.rb:6)
Processing by EventsController#index as HTML
  Rendering events/index.html.erb within layouts/application
  [1m[36mEvent Load (0.1ms)[0m  [1m[34mSELECT "events".* FROM "events"[0m
  Rendered events/index.html.erb within layouts/application (10.3ms)
Completed 200 OK in 35ms (Views: 27.7ms | ActiveRecord: 0.8ms)


Started GET "/events/show/1" for 127.0.0.1 at 2018-03-07 10:28:32 +0800
Processing by EventsController#show as HTML
  Parameters: {"id"=>"1"}
  [1m[36mEvent Load (0.6ms)[0m  [1m[34mSELECT  "events".* FROM "events" WHERE "events"."id" = ? LIMIT ?[0m  [["id", 1], ["LIMIT", 1]]
  Rendering events/show.html.erb within layouts/application
  Rendered events/show.html.erb within layouts/application (1.2ms)
Completed 200 OK in 35ms (Views: 27.7ms | ActiveRecord: 0.6ms)


Started GET "/events" for 127.0.0.1 at 2018-03-07 10:28:33 +0800
Processing by EventsController#index as HTML
  Rendering events/index.html.erb within layouts/application
  [1m[36mEvent Load (0.3ms)[0m  [1m[34mSELECT "events".* FROM "events"[0m
  Rendered events/index.html.erb within layouts/application (5.4ms)
Completed 200 OK in 44ms (Views: 40.9ms | ActiveRecord: 0.3ms)


Started GET "/events/edit/3" for 127.0.0.1 at 2018-03-07 10:28:34 +0800
Processing by EventsController#edit as HTML
  Parameters: {"id"=>"3"}
  [1m[36mEvent Load (0.3ms)[0m  [1m[34mSELECT  "events".* FROM "events" WHERE "events"."id" = ? LIMIT ?[0m  [["id", 3], ["LIMIT", 1]]
  Rendering events/edit.html.erb within layouts/application
  Rendered events/_form.html.erb (1.1ms)
  Rendered events/edit.html.erb within layouts/application (7.0ms)
Completed 200 OK in 58ms (Views: 54.0ms | ActiveRecord: 0.3ms)


Started PATCH "/events/update/3" for 127.0.0.1 at 2018-03-07 10:28:36 +0800
Processing by EventsController#update as HTML
  Parameters: {"utf8"=>"✓", "authenticity_token"=>"43dMv9KRcXHMRs2JFuST5ALxdZBeCRUmnP5ZhbqpOeIYMJNBT0KqXv4T7Q1QOdyCHgTDiok2yUsfJEWWoKrOLg==", "event"=>{"name"=>"kiki", "description"=>"hihi\r\ni am kiki\r\nA cat"}, "commit"=>"Update", "id"=>"3"}
  [1m[36mEvent Load (0.1ms)[0m  [1m[34mSELECT  "events".* FROM "events" WHERE "events"."id" = ? LIMIT ?[0m  [["id", 3], ["LIMIT", 1]]
  [1m[35m (0.1ms)[0m  [1m[36mbegin transaction[0m
  [1m[35m (0.1ms)[0m  [1m[36mcommit transaction[0m
Redirected to http://localhost:3000/events/show/3
Completed 302 Found in 5ms (ActiveRecord: 0.3ms)


Started GET "/events/show/3" for 127.0.0.1 at 2018-03-07 10:28:36 +0800
Processing by EventsController#show as HTML
  Parameters: {"id"=>"3"}
  [1m[36mEvent Load (0.1ms)[0m  [1m[34mSELECT  "events".* FROM "events" WHERE "events"."id" = ? LIMIT ?[0m  [["id", 3], ["LIMIT", 1]]
  Rendering events/show.html.erb within layouts/application
  Rendered events/show.html.erb within layouts/application (0.9ms)
Completed 200 OK in 19ms (Views: 16.8ms | ActiveRecord: 0.1ms)


Started GET "/events" for 127.0.0.1 at 2018-03-07 10:28:37 +0800
Processing by EventsController#index as HTML
  Rendering events/index.html.erb within layouts/application
  [1m[36mEvent Load (0.4ms)[0m  [1m[34mSELECT "events".* FROM "events"[0m
  Rendered events/index.html.erb within layouts/application (5.1ms)
Completed 200 OK in 39ms (Views: 36.9ms | ActiveRecord: 0.4ms)


Started GET "/events/edit/2" for 127.0.0.1 at 2018-03-07 10:28:46 +0800
Processing by EventsController#edit as HTML
  Parameters: {"id"=>"2"}
  [1m[36mEvent Load (0.3ms)[0m  [1m[34mSELECT  "events".* FROM "events" WHERE "events"."id" = ? LIMIT ?[0m  [["id", 2], ["LIMIT", 1]]
  Rendering events/edit.html.erb within layouts/application
  Rendered events/_form.html.erb (0.7ms)
  Rendered events/edit.html.erb within layouts/application (6.7ms)
Completed 200 OK in 34ms (Views: 29.2ms | ActiveRecord: 0.3ms)


Started GET "/events/edit/2" for 127.0.0.1 at 2018-03-07 10:34:11 +0800
DEPRECATION WARNING: Using a dynamic :controller segment in a route is deprecated and will be removed in Rails 5.2. (called from block in <top (required)> at /Users/yumei.shih/Desktop/Practice/RoR/ruby-on-rails-simple-crud/config/routes.rb:6)
DEPRECATION WARNING: Using a dynamic :action segment in a route is deprecated and will be removed in Rails 5.2. (called from block in <top (required)> at /Users/yumei.shih/Desktop/Practice/RoR/ruby-on-rails-simple-crud/config/routes.rb:6)
Processing by EventsController#edit as HTML
  Parameters: {"id"=>"2"}
  [1m[36mEvent Load (0.3ms)[0m  [1m[34mSELECT  "events".* FROM "events" WHERE "events"."id" = ? LIMIT ?[0m  [["id", 2], ["LIMIT", 1]]
  Rendering events/edit.html.erb within layouts/application
  Rendered events/_form.html.erb (0.7ms)
  Rendered events/edit.html.erb within layouts/application (3.8ms)
Completed 200 OK in 34ms (Views: 21.5ms | ActiveRecord: 1.2ms)


Started GET "/events" for 127.0.0.1 at 2018-03-07 10:34:14 +0800
Processing by EventsController#index as HTML
  Rendering events/index.html.erb within layouts/application
  [1m[36mEvent Load (0.2ms)[0m  [1m[34mSELECT "events".* FROM "events"[0m
  Rendered events/index.html.erb within layouts/application (2.7ms)
Completed 200 OK in 34ms (Views: 31.8ms | ActiveRecord: 0.2ms)


Started GET "/events/new" for 127.0.0.1 at 2018-03-07 10:34:17 +0800
Processing by EventsController#new as HTML
  Rendering events/new.html.erb within layouts/application
  Rendered events/_form.html.erb (4.3ms)
  Rendered events/new.html.erb within layouts/application (9.6ms)
Completed 200 OK in 39ms (Views: 35.3ms | ActiveRecord: 0.0ms)


Started POST "/events/create" for 127.0.0.1 at 2018-03-07 10:34:19 +0800
Processing by EventsController#create as HTML
  Parameters: {"utf8"=>"✓", "authenticity_token"=>"y3RJXydluhD28lXP5QnK0mu3zir5Cn0Oi8xlNFXMDhpxBPB26WO5dRoHbVt7jTs1RncXStprK2D5fNUDD8fPXA==", "event"=>{"name"=>"", "description"=>"dcsdc"}, "commit"=>"Create"}
  [1m[35m (0.1ms)[0m  [1m[36mbegin transaction[0m
  [1m[35m (0.1ms)[0m  [1m[31mrollback transaction[0m
  Rendering events/new.html.erb within layouts/application
  Rendered events/_form.html.erb (0.6ms)
  Rendered events/new.html.erb within layouts/application (2.8ms)
Completed 200 OK in 33ms (Views: 20.8ms | ActiveRecord: 0.1ms)


Started POST "/events/create" for 127.0.0.1 at 2018-03-07 10:34:22 +0800
Processing by EventsController#create as HTML
  Parameters: {"utf8"=>"✓", "authenticity_token"=>"qCGXSikQIQq2uDvlgzweY3psr24KFb1SFCkS25fKIsqdOf6OO/RqYoTQ9BZHb/qLeipTSqf4bVdMDnFLokSgaA==", "event"=>{"name"=>"sdcdsc", "description"=>"dcsdc"}, "commit"=>"Create"}
  [1m[35m (0.1ms)[0m  [1m[36mbegin transaction[0m
  [1m[35mSQL (0.8ms)[0m  [1m[32mINSERT INTO "events" ("name", "description", "created_at", "updated_at") VALUES (?, ?, ?, ?)[0m  [["name", "sdcdsc"], ["description", "dcsdc"], ["created_at", "2018-03-07 02:34:22.183676"], ["updated_at", "2018-03-07 02:34:22.183676"]]
  [1m[35m (0.8ms)[0m  [1m[36mcommit transaction[0m
Redirected to http://localhost:3000/events
Completed 302 Found in 7ms (ActiveRecord: 1.8ms)


Started GET "/events" for 127.0.0.1 at 2018-03-07 10:34:22 +0800
Processing by EventsController#index as HTML
  Rendering events/index.html.erb within layouts/application
  [1m[36mEvent Load (0.2ms)[0m  [1m[34mSELECT "events".* FROM "events"[0m
  Rendered events/index.html.erb within layouts/application (2.9ms)
Completed 200 OK in 26ms (Views: 22.8ms | ActiveRecord: 0.2ms)


Started GET "/events/edit/7" for 127.0.0.1 at 2018-03-07 10:34:23 +0800
Processing by EventsController#edit as HTML
  Parameters: {"id"=>"7"}
  [1m[36mEvent Load (1.5ms)[0m  [1m[34mSELECT  "events".* FROM "events" WHERE "events"."id" = ? LIMIT ?[0m  [["id", 7], ["LIMIT", 1]]
  Rendering events/edit.html.erb within layouts/application
  Rendered events/_form.html.erb (1.4ms)
  Rendered events/edit.html.erb within layouts/application (5.9ms)
Completed 200 OK in 31ms (Views: 23.6ms | ActiveRecord: 1.5ms)


Started PATCH "/events/update/7" for 127.0.0.1 at 2018-03-07 10:34:26 +0800
Processing by EventsController#update as HTML
  Parameters: {"utf8"=>"✓", "authenticity_token"=>"3Dk1Ai6fMe01aGQawvCTRsiULzIHBe9qVqjfMPypYzX4+Ap7V3DLcxqCKhAQV72hQHi1BNI4SA8iyxYt0U2N+Q==", "event"=>{"name"=>"", "description"=>"dcsdc"}, "commit"=>"Update", "id"=>"7"}
  [1m[36mEvent Load (0.2ms)[0m  [1m[34mSELECT  "events".* FROM "events" WHERE "events"."id" = ? LIMIT ?[0m  [["id", 7], ["LIMIT", 1]]
  [1m[35m (0.1ms)[0m  [1m[36mbegin transaction[0m
  [1m[35m (0.2ms)[0m  [1m[31mrollback transaction[0m
Redirected to http://localhost:3000/events/show/7
Completed 302 Found in 5ms (ActiveRecord: 0.5ms)


Started GET "/events/show/7" for 127.0.0.1 at 2018-03-07 10:34:26 +0800
Processing by EventsController#show as HTML
  Parameters: {"id"=>"7"}
  [1m[36mEvent Load (0.1ms)[0m  [1m[34mSELECT  "events".* FROM "events" WHERE "events"."id" = ? LIMIT ?[0m  [["id", 7], ["LIMIT", 1]]
  Rendering events/show.html.erb within layouts/application
  Rendered events/show.html.erb within layouts/application (1.2ms)
Completed 200 OK in 21ms (Views: 18.6ms | ActiveRecord: 0.1ms)


Started GET "/events" for 127.0.0.1 at 2018-03-07 10:34:28 +0800
Processing by EventsController#index as HTML
  Rendering events/index.html.erb within layouts/application
  [1m[36mEvent Load (0.3ms)[0m  [1m[34mSELECT "events".* FROM "events"[0m
  Rendered events/index.html.erb within layouts/application (3.9ms)
Completed 200 OK in 43ms (Views: 38.7ms | ActiveRecord: 0.3ms)


Started GET "/events/show/7" for 127.0.0.1 at 2018-03-07 10:34:29 +0800
Processing by EventsController#show as HTML
  Parameters: {"id"=>"7"}
  [1m[36mEvent Load (0.5ms)[0m  [1m[34mSELECT  "events".* FROM "events" WHERE "events"."id" = ? LIMIT ?[0m  [["id", 7], ["LIMIT", 1]]
  Rendering events/show.html.erb within layouts/application
  Rendered events/show.html.erb within layouts/application (2.0ms)
Completed 200 OK in 38ms (Views: 31.6ms | ActiveRecord: 0.5ms)


Started GET "/events" for 127.0.0.1 at 2018-03-07 10:34:31 +0800
Processing by EventsController#index as HTML
  Rendering events/index.html.erb within layouts/application
  [1m[36mEvent Load (0.4ms)[0m  [1m[34mSELECT "events".* FROM "events"[0m
  Rendered events/index.html.erb within layouts/application (6.9ms)
Completed 200 OK in 59ms (Views: 54.9ms | ActiveRecord: 0.4ms)


Started GET "/events" for 127.0.0.1 at 2018-03-07 10:35:13 +0800
DEPRECATION WARNING: Using a dynamic :controller segment in a route is deprecated and will be removed in Rails 5.2. (called from block in <top (required)> at /Users/yumei.shih/Desktop/Practice/RoR/ruby-on-rails-simple-crud/config/routes.rb:6)
DEPRECATION WARNING: Using a dynamic :action segment in a route is deprecated and will be removed in Rails 5.2. (called from block in <top (required)> at /Users/yumei.shih/Desktop/Practice/RoR/ruby-on-rails-simple-crud/config/routes.rb:6)
Processing by EventsController#index as HTML
  Rendering events/index.html.erb within layouts/application
  [1m[36mEvent Load (0.1ms)[0m  [1m[34mSELECT "events".* FROM "events"[0m
  Rendered events/index.html.erb within layouts/application (11.2ms)
Completed 200 OK in 30ms (Views: 26.7ms | ActiveRecord: 0.9ms)


Started GET "/events/edit/7" for 127.0.0.1 at 2018-03-07 10:35:14 +0800
Processing by EventsController#edit as HTML
  Parameters: {"id"=>"7"}
  [1m[36mEvent Load (0.5ms)[0m  [1m[34mSELECT  "events".* FROM "events" WHERE "events"."id" = ? LIMIT ?[0m  [["id", 7], ["LIMIT", 1]]
  Rendering events/edit.html.erb within layouts/application
  Rendered events/_form.html.erb (1.4ms)
  Rendered events/edit.html.erb within layouts/application (5.9ms)
Completed 200 OK in 34ms (Views: 27.5ms | ActiveRecord: 0.5ms)


Started PATCH "/events/update/7" for 127.0.0.1 at 2018-03-07 10:35:18 +0800
Processing by EventsController#update as HTML
  Parameters: {"utf8"=>"✓", "authenticity_token"=>"nIk7hArMDoTvubuMvSwSYCM5ZCJuOQZUu7AjwsCaQlO4SAT9cyP0GsBT9YZvizyHq9X+FLsEoTHP0+rf7X6snw==", "event"=>{"name"=>"", "description"=>"dcsdc"}, "commit"=>"Update", "id"=>"7"}
  [1m[36mEvent Load (0.2ms)[0m  [1m[34mSELECT  "events".* FROM "events" WHERE "events"."id" = ? LIMIT ?[0m  [["id", 7], ["LIMIT", 1]]
  [1m[35m (0.1ms)[0m  [1m[36mbegin transaction[0m
  [1m[35m (0.2ms)[0m  [1m[31mrollback transaction[0m
  Rendering events/edit.html.erb within layouts/application
  Rendered events/_form.html.erb (0.7ms)
  Rendered events/edit.html.erb within layouts/application (3.0ms)
Completed 200 OK in 29ms (Views: 22.0ms | ActiveRecord: 0.5ms)


Started PATCH "/events/update/7" for 127.0.0.1 at 2018-03-07 10:35:20 +0800
Processing by EventsController#update as HTML
  Parameters: {"utf8"=>"✓", "authenticity_token"=>"lYfP8sH8lpdG1zoaEe3HzmuXYnV2T5FWZnmzPBkhjoCgn6Y20xjd/3S/9enVviMma9GeUduiQVM+XtCsLK8MIg==", "event"=>{"name"=>"sdcsdc", "description"=>"dcsdc"}, "commit"=>"Update", "id"=>"7"}
  [1m[36mEvent Load (0.2ms)[0m  [1m[34mSELECT  "events".* FROM "events" WHERE "events"."id" = ? LIMIT ?[0m  [["id", 7], ["LIMIT", 1]]
  [1m[35m (0.1ms)[0m  [1m[36mbegin transaction[0m
  [1m[35mSQL (0.4ms)[0m  [1m[33mUPDATE "events" SET "name" = ?, "updated_at" = ? WHERE "events"."id" = ?[0m  [["name", "sdcsdc"], ["updated_at", "2018-03-07 02:35:20.930840"], ["id", 7]]
  [1m[35m (0.7ms)[0m  [1m[36mcommit transaction[0m
Redirected to http://localhost:3000/events/show/7
Completed 302 Found in 8ms (ActiveRecord: 1.4ms)


Started GET "/events/show/7" for 127.0.0.1 at 2018-03-07 10:35:20 +0800
Processing by EventsController#show as HTML
  Parameters: {"id"=>"7"}
  [1m[36mEvent Load (0.1ms)[0m  [1m[34mSELECT  "events".* FROM "events" WHERE "events"."id" = ? LIMIT ?[0m  [["id", 7], ["LIMIT", 1]]
  Rendering events/show.html.erb within layouts/application
  Rendered events/show.html.erb within layouts/application (1.2ms)
Completed 200 OK in 21ms (Views: 18.2ms | ActiveRecord: 0.1ms)


Started GET "/events" for 127.0.0.1 at 2018-03-07 10:35:23 +0800
Processing by EventsController#index as HTML
  Rendering events/index.html.erb within layouts/application
  [1m[36mEvent Load (0.3ms)[0m  [1m[34mSELECT "events".* FROM "events"[0m
  Rendered events/index.html.erb within layouts/application (7.7ms)
Completed 200 OK in 48ms (Views: 43.4ms | ActiveRecord: 0.3ms)


Started GET "/events/edit/7" for 127.0.0.1 at 2018-03-07 10:35:25 +0800
Processing by EventsController#edit as HTML
  Parameters: {"id"=>"7"}
  [1m[36mEvent Load (0.2ms)[0m  [1m[34mSELECT  "events".* FROM "events" WHERE "events"."id" = ? LIMIT ?[0m  [["id", 7], ["LIMIT", 1]]
  Rendering events/edit.html.erb within layouts/application
  Rendered events/_form.html.erb (2.0ms)
  Rendered events/edit.html.erb within layouts/application (9.3ms)
Completed 200 OK in 36ms (Views: 32.3ms | ActiveRecord: 0.2ms)


Started PATCH "/events/update/7" for 127.0.0.1 at 2018-03-07 10:35:30 +0800
Processing by EventsController#update as HTML
  Parameters: {"utf8"=>"✓", "authenticity_token"=>"2vUUqz4V5SmrUnJnic9FIeuTNo0DBaNNNAOnIHIccCr+NCvSR/oft4S4PG1baGvGY3+su9Y4BChAYG49X/ie5g==", "event"=>{"name"=>"", "description"=>"dcsdc"}, "commit"=>"Update", "id"=>"7"}
  [1m[36mEvent Load (0.2ms)[0m  [1m[34mSELECT  "events".* FROM "events" WHERE "events"."id" = ? LIMIT ?[0m  [["id", 7], ["LIMIT", 1]]
  [1m[35m (0.1ms)[0m  [1m[36mbegin transaction[0m
  [1m[35m (0.1ms)[0m  [1m[31mrollback transaction[0m
  Rendering events/edit.html.erb within layouts/application
  Rendered events/_form.html.erb (0.7ms)
  Rendered events/edit.html.erb within layouts/application (3.2ms)
Completed 200 OK in 36ms (Views: 30.8ms | ActiveRecord: 0.4ms)


Started PATCH "/events/update/7" for 127.0.0.1 at 2018-03-07 10:35:33 +0800
Processing by EventsController#update as HTML
  Parameters: {"utf8"=>"✓", "authenticity_token"=>"1G2rCiCxgAuhb3QlnrsaeF5LB6fS0LpS1/TuSd3yza7hdcLOMlXLY5MHu9Za6P6QXg37g389aleP043Z6HxPDA==", "event"=>{"name"=>"kjhg", "description"=>"dcsdc"}, "commit"=>"Update", "id"=>"7"}
  [1m[36mEvent Load (0.2ms)[0m  [1m[34mSELECT  "events".* FROM "events" WHERE "events"."id" = ? LIMIT ?[0m  [["id", 7], ["LIMIT", 1]]
  [1m[35m (0.1ms)[0m  [1m[36mbegin transaction[0m
  [1m[35mSQL (0.6ms)[0m  [1m[33mUPDATE "events" SET "name" = ?, "updated_at" = ? WHERE "events"."id" = ?[0m  [["name", "kjhg"], ["updated_at", "2018-03-07 02:35:33.406608"], ["id", 7]]
  [1m[35m (0.8ms)[0m  [1m[36mcommit transaction[0m
Redirected to http://localhost:3000/events/show/7
Completed 302 Found in 7ms (ActiveRecord: 1.6ms)


Started GET "/events/show/7" for 127.0.0.1 at 2018-03-07 10:35:33 +0800
Processing by EventsController#show as HTML
  Parameters: {"id"=>"7"}
  [1m[36mEvent Load (0.2ms)[0m  [1m[34mSELECT  "events".* FROM "events" WHERE "events"."id" = ? LIMIT ?[0m  [["id", 7], ["LIMIT", 1]]
  Rendering events/show.html.erb within layouts/application
  Rendered events/show.html.erb within layouts/application (1.1ms)
Completed 200 OK in 21ms (Views: 17.8ms | ActiveRecord: 0.2ms)


Started GET "/events" for 127.0.0.1 at 2018-03-07 10:35:34 +0800
Processing by EventsController#index as HTML
  Rendering events/index.html.erb within layouts/application
  [1m[36mEvent Load (0.3ms)[0m  [1m[34mSELECT "events".* FROM "events"[0m
  Rendered events/index.html.erb within layouts/application (4.9ms)
Completed 200 OK in 46ms (Views: 42.3ms | ActiveRecord: 0.3ms)


